2024-09-18 11:36:25.863 [main] INFO  com.sky.admin.CategoryTest - Starting CategoryTest using Java 17.0.11 on DESKTOP-7T4Q9F1 with PID 31392 (started by Lenovo in E:\Java\Project\sky-take-out\sky-server)
2024-09-18 11:36:25.866 [main] INFO  com.sky.admin.CategoryTest - The following 1 profile is active: "dev"
2024-09-18 11:36:25.872 [background-preinit] INFO  org.hibernate.validator.internal.util.Version - HV000001: Hibernate Validator 6.2.4.Final
2024-09-18 11:36:27.918 [main] INFO  c.a.d.s.b.a.DruidDataSourceAutoConfigure - Init DruidDataSource
2024-09-18 11:36:28.224 [main] INFO  com.alibaba.druid.pool.DruidDataSource - {dataSource-1} inited
2024-09-18 11:36:31.129 [main] INFO  com.sky.admin.CategoryTest - Started CategoryTest in 5.639 seconds (JVM running for 7.058)
2024-09-18 11:36:31.721 [scheduling-1] DEBUG com.sky.mapper.OrdersMapper.getTimeOutOrders - ==>  Preparing: select id, status from orders where TIMESTAMPDIFF(minute, now(), order_time) > 15;
2024-09-18 11:36:31.730 [ForkJoinPool.commonPool-worker-1] ERROR com.sky.controller.admin.CategoryController - 发生异常:
com.sky.exception.CategoryTypeException: 分类类型不存在
2024-09-18 11:36:31.732 [main] INFO  com.sky.admin.CategoryTest - result:
com.sky.result.Result@5432be12
2024-09-18 11:36:31.759 [scheduling-1] DEBUG com.sky.mapper.OrdersMapper.getTimeOutOrders - ==> Parameters: 
2024-09-18 11:36:31.772 [SpringApplicationShutdownHook] INFO  com.alibaba.druid.pool.DruidDataSource - {dataSource-1} closing ...
2024-09-18 11:36:31.773 [SpringApplicationShutdownHook] INFO  com.alibaba.druid.pool.DruidDataSource - {dataSource-1} closed
2024-09-18 11:41:57.375 [main] INFO  com.sky.admin.CategoryTest - Starting CategoryTest using Java 17.0.11 on DESKTOP-7T4Q9F1 with PID 39060 (started by Lenovo in E:\Java\Project\sky-take-out\sky-server)
2024-09-18 11:41:57.378 [main] INFO  com.sky.admin.CategoryTest - The following 1 profile is active: "dev"
2024-09-18 11:41:57.389 [background-preinit] INFO  org.hibernate.validator.internal.util.Version - HV000001: Hibernate Validator 6.2.4.Final
2024-09-18 11:41:59.386 [main] INFO  c.a.d.s.b.a.DruidDataSourceAutoConfigure - Init DruidDataSource
2024-09-18 11:41:59.711 [main] INFO  com.alibaba.druid.pool.DruidDataSource - {dataSource-1} inited
2024-09-18 11:42:02.780 [main] INFO  com.sky.admin.CategoryTest - Started CategoryTest in 5.798 seconds (JVM running for 7.139)
2024-09-18 11:42:03.384 [scheduling-1] DEBUG com.sky.mapper.OrdersMapper.getTimeOutOrders - ==>  Preparing: select id, status from orders where TIMESTAMPDIFF(minute, now(), order_time) > 15;
2024-09-18 11:42:03.412 [scheduling-1] DEBUG com.sky.mapper.OrdersMapper.getTimeOutOrders - ==> Parameters: 
2024-09-18 11:42:03.489 [scheduling-1] DEBUG com.sky.mapper.OrdersMapper.getTimeOutOrders - <==      Total: 0
2024-09-18 11:42:03.491 [ForkJoinPool.commonPool-worker-1] DEBUG com.sky.mapper.CategoryMapper.queryPageCategory - ==>  Preparing: select id, name, type, sort, status, create_time, update_time, create_user, update_user from category
2024-09-18 11:42:03.492 [ForkJoinPool.commonPool-worker-1] DEBUG com.sky.mapper.CategoryMapper.queryPageCategory - ==> Parameters: 
2024-09-18 11:42:03.543 [ForkJoinPool.commonPool-worker-1] DEBUG com.sky.mapper.CategoryMapper.queryPageCategory - <==      Total: 11
2024-09-18 11:42:03.600 [SpringApplicationShutdownHook] INFO  com.alibaba.druid.pool.DruidDataSource - {dataSource-1} closing ...
2024-09-18 11:42:03.608 [SpringApplicationShutdownHook] INFO  com.alibaba.druid.pool.DruidDataSource - {dataSource-1} closed
2024-09-18 12:20:38.229 [main] INFO  com.sky.admin.CategoryTest - Starting CategoryTest using Java 17.0.11 on DESKTOP-7T4Q9F1 with PID 44420 (started by Lenovo in E:\Java\Project\sky-take-out\sky-server)
2024-09-18 12:20:38.232 [main] INFO  com.sky.admin.CategoryTest - The following 1 profile is active: "dev"
2024-09-18 12:20:38.241 [background-preinit] INFO  org.hibernate.validator.internal.util.Version - HV000001: Hibernate Validator 6.2.4.Final
2024-09-18 12:20:40.153 [main] INFO  c.a.d.s.b.a.DruidDataSourceAutoConfigure - Init DruidDataSource
2024-09-18 12:20:40.414 [main] INFO  com.alibaba.druid.pool.DruidDataSource - {dataSource-1} inited
2024-09-18 12:20:43.363 [main] INFO  com.sky.admin.CategoryTest - Started CategoryTest in 5.507 seconds (JVM running for 6.861)
2024-09-18 12:20:44.468 [ForkJoinPool.commonPool-worker-1] DEBUG com.sky.mapper.CategoryMapper.queryPageCategory - ==>  Preparing: select id, name, type, sort, status, create_time, update_time, create_user, update_user from category
2024-09-18 12:20:44.507 [ForkJoinPool.commonPool-worker-1] DEBUG com.sky.mapper.CategoryMapper.queryPageCategory - ==> Parameters: 
2024-09-18 12:20:44.580 [ForkJoinPool.commonPool-worker-1] DEBUG com.sky.mapper.CategoryMapper.queryPageCategory - <==      Total: 11
2024-09-18 12:20:44.585 [main] INFO  com.sky.admin.CategoryTest - PageInfo{pageNum=1, pageSize=11, size=11, startRow=0, endRow=10, total=11, pages=1, list=[Category{id:15,type:20,name:tiaowu,sort:100,status:1,
create time:2022-06-09 22:14:10,
update time:2024-09-15 22:36:24,
create user:1,update user:1}, Category{id:16,type:1,name:蜀味烤鱼,sort:4,status:1,
create time:2022-06-09 22:15:37,
update time:2022-08-31 14:27:25,
create user:1,update user:1}, Category{id:17,type:1,name:蜀味牛蛙,sort:5,status:1,
create time:2022-06-09 22:16:14,
update time:2022-08-31 14:39:44,
create user:1,update user:1}, Category{id:18,type:1,name:特色蒸菜,sort:6,status:1,
create time:2022-06-09 22:17:42,
update time:2022-06-09 22:17:42,
create user:1,update user:1}, Category{id:19,type:1,name:新鲜时蔬,sort:7,status:1,
create time:2022-06-09 22:18:12,
update time:2022-06-09 22:18:28,
create user:1,update user:1}, Category{id:20,type:1,name:水煮鱼,sort:8,status:1,
create time:2022-06-09 22:22:29,
update time:2022-06-09 22:23:45,
create user:1,update user:1}, Category{id:21,type:1,name:汤类,sort:11,status:1,
create time:2022-06-10 10:51:47,
update time:2022-06-10 10:51:47,
create user:1,update user:1}, Category{id:23,type:2,name:养生类,sort:100,status:1,
create time:2024-09-15 16:41:42,
update time:2024-09-15 16:41:42,
create user:1,update user:1}, Category{id:25,type:2,name:啤酒,sort:30,status:1,
create time:2024-09-15 22:08:17,
update time:2024-09-15 22:08:17,
create user:1,update user:1}, Category{id:28,type:1,name:sfsf,sort:50,status:1,
create time:2024-09-15 22:27:45,
update time:2024-09-15 22:27:45,
create user:1,update user:1}, Category{id:29,type:2,name:跳舞,sort:50,status:1,
create time:2024-09-18 10:57:51,
update time:2024-09-18 10:57:51,
create user:1,update user:1}], prePage=0, nextPage=0, isFirstPage=true, isLastPage=true, hasPreviousPage=false, hasNextPage=false, navigatePages=8, navigateFirstPage=1, navigateLastPage=1, navigatepageNums=[1]}
2024-09-18 12:20:44.637 [SpringApplicationShutdownHook] INFO  com.alibaba.druid.pool.DruidDataSource - {dataSource-1} closing ...
2024-09-18 12:20:44.644 [SpringApplicationShutdownHook] INFO  com.alibaba.druid.pool.DruidDataSource - {dataSource-1} closed
2024-09-18 12:27:59.839 [main] INFO  com.sky.admin.CategoryTest - Starting CategoryTest using Java 17.0.11 on DESKTOP-7T4Q9F1 with PID 48092 (started by Lenovo in E:\Java\Project\sky-take-out\sky-server)
2024-09-18 12:27:59.842 [main] INFO  com.sky.admin.CategoryTest - The following 1 profile is active: "dev"
2024-09-18 12:27:59.843 [background-preinit] INFO  org.hibernate.validator.internal.util.Version - HV000001: Hibernate Validator 6.2.4.Final
2024-09-18 12:28:01.938 [main] INFO  c.a.d.s.b.a.DruidDataSourceAutoConfigure - Init DruidDataSource
2024-09-18 12:28:02.217 [main] INFO  com.alibaba.druid.pool.DruidDataSource - {dataSource-1} inited
2024-09-18 12:28:05.136 [main] INFO  com.sky.admin.CategoryTest - Started CategoryTest in 5.665 seconds (JVM running for 7.009)
2024-09-18 12:28:06.206 [ForkJoinPool.commonPool-worker-1] DEBUG com.sky.mapper.CategoryMapper.queryPageCategory - ==>  Preparing: select id, name, type, sort, status, create_time, update_time, create_user, update_user from category
2024-09-18 12:28:06.242 [ForkJoinPool.commonPool-worker-1] DEBUG com.sky.mapper.CategoryMapper.queryPageCategory - ==> Parameters: 
2024-09-18 12:28:06.322 [ForkJoinPool.commonPool-worker-1] DEBUG com.sky.mapper.CategoryMapper.queryPageCategory - <==      Total: 11
2024-09-18 12:28:06.328 [main] INFO  com.sky.admin.CategoryTest - PageInfo{pageNum=1, pageSize=11, size=11, startRow=0, endRow=10, total=11, pages=1, list=[Category{id:15,type:20,name:tiaowu,sort:100,status:1,
create time:2022-06-09 22:14:10,
update time:2024-09-15 22:36:24,
create user:1,update user:1}, Category{id:16,type:1,name:蜀味烤鱼,sort:4,status:1,
create time:2022-06-09 22:15:37,
update time:2022-08-31 14:27:25,
create user:1,update user:1}, Category{id:17,type:1,name:蜀味牛蛙,sort:5,status:1,
create time:2022-06-09 22:16:14,
update time:2022-08-31 14:39:44,
create user:1,update user:1}, Category{id:18,type:1,name:特色蒸菜,sort:6,status:1,
create time:2022-06-09 22:17:42,
update time:2022-06-09 22:17:42,
create user:1,update user:1}, Category{id:19,type:1,name:新鲜时蔬,sort:7,status:1,
create time:2022-06-09 22:18:12,
update time:2022-06-09 22:18:28,
create user:1,update user:1}, Category{id:20,type:1,name:水煮鱼,sort:8,status:1,
create time:2022-06-09 22:22:29,
update time:2022-06-09 22:23:45,
create user:1,update user:1}, Category{id:21,type:1,name:汤类,sort:11,status:1,
create time:2022-06-10 10:51:47,
update time:2022-06-10 10:51:47,
create user:1,update user:1}, Category{id:23,type:2,name:养生类,sort:100,status:1,
create time:2024-09-15 16:41:42,
update time:2024-09-15 16:41:42,
create user:1,update user:1}, Category{id:25,type:2,name:啤酒,sort:30,status:1,
create time:2024-09-15 22:08:17,
update time:2024-09-15 22:08:17,
create user:1,update user:1}, Category{id:28,type:1,name:sfsf,sort:50,status:1,
create time:2024-09-15 22:27:45,
update time:2024-09-15 22:27:45,
create user:1,update user:1}, Category{id:29,type:2,name:跳舞,sort:50,status:1,
create time:2024-09-18 10:57:51,
update time:2024-09-18 10:57:51,
create user:1,update user:1}], prePage=0, nextPage=0, isFirstPage=true, isLastPage=true, hasPreviousPage=false, hasNextPage=false, navigatePages=8, navigateFirstPage=1, navigateLastPage=1, navigatepageNums=[1]}
2024-09-18 12:28:06.378 [SpringApplicationShutdownHook] INFO  com.alibaba.druid.pool.DruidDataSource - {dataSource-1} closing ...
2024-09-18 12:28:06.386 [SpringApplicationShutdownHook] INFO  com.alibaba.druid.pool.DruidDataSource - {dataSource-1} closed
2024-09-18 14:13:39.842 [main] INFO  com.sky.admin.CategoryTest - Starting CategoryTest using Java 17.0.11 on DESKTOP-7T4Q9F1 with PID 51248 (started by Lenovo in E:\Java\Project\sky-take-out\sky-server)
2024-09-18 14:13:39.844 [main] INFO  com.sky.admin.CategoryTest - The following 1 profile is active: "dev"
2024-09-18 14:13:39.845 [background-preinit] INFO  org.hibernate.validator.internal.util.Version - HV000001: Hibernate Validator 6.2.4.Final
2024-09-18 14:13:41.700 [main] INFO  c.a.d.s.b.a.DruidDataSourceAutoConfigure - Init DruidDataSource
2024-09-18 14:13:41.950 [main] INFO  com.alibaba.druid.pool.DruidDataSource - {dataSource-1} inited
2024-09-18 14:13:44.890 [main] INFO  com.sky.admin.CategoryTest - Started CategoryTest in 5.392 seconds (JVM running for 6.744)
2024-09-18 14:13:45.967 [ForkJoinPool.commonPool-worker-1] DEBUG com.sky.mapper.CategoryMapper.queryByType - ==>  Preparing: select id, name, type, sort, status, create_time, update_time, create_user, update_user from category WHERE type = ?
2024-09-18 14:13:45.994 [ForkJoinPool.commonPool-worker-1] DEBUG com.sky.mapper.CategoryMapper.queryByType - ==> Parameters: 1(Integer)
2024-09-18 14:13:46.074 [ForkJoinPool.commonPool-worker-1] DEBUG com.sky.mapper.CategoryMapper.queryByType - <==      Total: 7
2024-09-18 14:13:46.077 [main] INFO  com.sky.admin.CategoryTest - result:
com.sky.result.Result@bafc754
2024-09-18 14:13:46.097 [ForkJoinPool.commonPool-worker-1] DEBUG com.sky.mapper.CategoryMapper.queryByType - ==>  Preparing: select id, name, type, sort, status, create_time, update_time, create_user, update_user from category WHERE type = ?
2024-09-18 14:13:46.098 [ForkJoinPool.commonPool-worker-1] DEBUG com.sky.mapper.CategoryMapper.queryByType - ==> Parameters: 3(Integer)
2024-09-18 14:13:46.143 [ForkJoinPool.commonPool-worker-1] DEBUG com.sky.mapper.CategoryMapper.queryByType - <==      Total: 0
2024-09-18 14:13:46.143 [main] INFO  com.sky.admin.CategoryTest - result:
com.sky.result.Result@359fd0a2
2024-09-18 14:13:46.206 [ForkJoinPool.commonPool-worker-1] DEBUG com.sky.mapper.CategoryMapper.queryCategoryById - ==>  Preparing: select id, name, type, sort, status, create_time, update_time, create_user, update_user from category WHERE id = ?
2024-09-18 14:13:46.208 [ForkJoinPool.commonPool-worker-1] DEBUG com.sky.mapper.CategoryMapper.queryCategoryById - ==> Parameters: 111111(Long)
2024-09-18 14:13:46.252 [ForkJoinPool.commonPool-worker-1] DEBUG com.sky.mapper.CategoryMapper.queryCategoryById - <==      Total: 0
2024-09-18 14:13:46.352 [ForkJoinPool.commonPool-worker-1] DEBUG com.sky.mapper.CategoryMapper.addCategory - ==>  Preparing: insert into category (id, name, type, sort, create_user, update_user) values (Null, ?, ?, ?, 1, 1)
2024-09-18 14:13:46.355 [ForkJoinPool.commonPool-worker-1] DEBUG com.sky.mapper.CategoryMapper.addCategory - ==> Parameters: 传统主食(String), 2(Integer), 30(Integer)
2024-09-18 14:13:46.447 [ForkJoinPool.commonPool-worker-1] DEBUG com.sky.mapper.CategoryMapper.addCategory - <==    Updates: 1
2024-09-18 14:13:46.499 [ForkJoinPool.commonPool-worker-1] DEBUG com.sky.mapper.CategoryMapper.queryCategoryById - ==>  Preparing: select id, name, type, sort, status, create_time, update_time, create_user, update_user from category WHERE id = ?
2024-09-18 14:13:46.499 [ForkJoinPool.commonPool-worker-1] DEBUG com.sky.mapper.CategoryMapper.queryCategoryById - ==> Parameters: 12(Long)
2024-09-18 14:13:46.544 [ForkJoinPool.commonPool-worker-1] DEBUG com.sky.mapper.CategoryMapper.queryCategoryById - <==      Total: 0
2024-09-18 14:13:46.636 [main] DEBUG com.sky.mapper.CategoryMapper.queryCategoryById - ==>  Preparing: select id, name, type, sort, status, create_time, update_time, create_user, update_user from category WHERE id = ?
2024-09-18 14:13:46.637 [main] DEBUG com.sky.mapper.CategoryMapper.queryCategoryById - ==> Parameters: 15(Long)
2024-09-18 14:13:46.681 [main] DEBUG com.sky.mapper.CategoryMapper.queryCategoryById - <==      Total: 1
2024-09-18 14:13:46.682 [main] DEBUG com.sky.mapper.CategoryMapper.changeStatus - ==>  Preparing: update category set status = ?, update_time = now(),update_user=1 WHERE id = ?
2024-09-18 14:13:46.682 [main] DEBUG com.sky.mapper.CategoryMapper.changeStatus - ==> Parameters: 1(Integer), 15(Long)
2024-09-18 14:13:46.773 [main] DEBUG com.sky.mapper.CategoryMapper.changeStatus - <==    Updates: 1
2024-09-18 14:13:46.777 [ForkJoinPool.commonPool-worker-1] DEBUG com.sky.mapper.CategoryMapper.queryPageCategory - ==>  Preparing: select id, name, type, sort, status, create_time, update_time, create_user, update_user from category WHERE name like concat("%",?,"%")
2024-09-18 14:13:46.778 [ForkJoinPool.commonPool-worker-1] DEBUG com.sky.mapper.CategoryMapper.queryPageCategory - ==> Parameters: 牛蛙(String)
2024-09-18 14:13:46.822 [ForkJoinPool.commonPool-worker-1] DEBUG com.sky.mapper.CategoryMapper.queryPageCategory - <==      Total: 1
2024-09-18 14:13:46.828 [ForkJoinPool.commonPool-worker-1] DEBUG com.sky.mapper.CategoryMapper.queryPageCategory - ==>  Preparing: select id, name, type, sort, status, create_time, update_time, create_user, update_user from category WHERE name like concat("%",?,"%") and type = ?
2024-09-18 14:13:46.829 [ForkJoinPool.commonPool-worker-1] DEBUG com.sky.mapper.CategoryMapper.queryPageCategory - ==> Parameters: 牛蛙(String), 1(Integer)
2024-09-18 14:13:46.874 [ForkJoinPool.commonPool-worker-1] DEBUG com.sky.mapper.CategoryMapper.queryPageCategory - <==      Total: 1
2024-09-18 14:13:46.880 [ForkJoinPool.commonPool-worker-1] DEBUG com.sky.mapper.CategoryMapper.addCategory - ==>  Preparing: insert into category (id, name, type, sort, create_user, update_user) values (Null, ?, ?, ?, 1, 1)
2024-09-18 14:13:46.880 [ForkJoinPool.commonPool-worker-1] DEBUG com.sky.mapper.CategoryMapper.addCategory - ==> Parameters: 啤酒(String), 2(Integer), 30(Integer)
2024-09-18 14:13:47.043 [ForkJoinPool.commonPool-worker-1] ERROR com.sky.controller.admin.CategoryController - 发生异常:
org.springframework.dao.DuplicateKeyException: 
### Error updating database.  Cause: java.sql.SQLIntegrityConstraintViolationException: Duplicate entry '啤酒' for key 'category.idx_category_name'
### The error may exist in file [E:\Java\Project\sky-take-out\sky-server\target\classes\mapper\CategoryMapper.xml]
### The error may involve defaultParameterMap
### The error occurred while setting parameters
### SQL: insert into category (id, name, type, sort, create_user, update_user)     values (Null, ?, ?, ?, 1, 1)
### Cause: java.sql.SQLIntegrityConstraintViolationException: Duplicate entry '啤酒' for key 'category.idx_category_name'
; Duplicate entry '啤酒' for key 'category.idx_category_name'; nested exception is java.sql.SQLIntegrityConstraintViolationException: Duplicate entry '啤酒' for key 'category.idx_category_name'
2024-09-18 14:13:47.049 [main] DEBUG com.sky.mapper.CategoryMapper.queryCategoryById - ==>  Preparing: select id, name, type, sort, status, create_time, update_time, create_user, update_user from category WHERE id = ?
2024-09-18 14:13:47.049 [main] DEBUG com.sky.mapper.CategoryMapper.queryCategoryById - ==> Parameters: 15(Long)
2024-09-18 14:13:47.094 [main] DEBUG com.sky.mapper.CategoryMapper.queryCategoryById - <==      Total: 1
2024-09-18 14:13:47.094 [main] DEBUG com.sky.mapper.CategoryMapper.changeStatus - ==>  Preparing: update category set status = ?, update_time = now(),update_user=1 WHERE id = ?
2024-09-18 14:13:47.095 [main] DEBUG com.sky.mapper.CategoryMapper.changeStatus - ==> Parameters: 0(Integer), 15(Long)
2024-09-18 14:13:47.184 [main] DEBUG com.sky.mapper.CategoryMapper.changeStatus - <==    Updates: 1
2024-09-18 14:13:47.188 [ForkJoinPool.commonPool-worker-1] DEBUG com.sky.mapper.CategoryMapper.queryPageCategory - ==>  Preparing: select id, name, type, sort, status, create_time, update_time, create_user, update_user from category WHERE name like concat("%",?,"%") and type = ?
2024-09-18 14:13:47.189 [ForkJoinPool.commonPool-worker-1] DEBUG com.sky.mapper.CategoryMapper.queryPageCategory - ==> Parameters: 蜀味(String), 2(Integer)
2024-09-18 14:13:47.249 [ForkJoinPool.commonPool-worker-1] DEBUG com.sky.mapper.CategoryMapper.queryPageCategory - <==      Total: 0
2024-09-18 14:13:47.253 [ForkJoinPool.commonPool-worker-1] DEBUG com.sky.mapper.CategoryMapper.queryPageCategory - ==>  Preparing: select id, name, type, sort, status, create_time, update_time, create_user, update_user from category
2024-09-18 14:13:47.254 [ForkJoinPool.commonPool-worker-1] DEBUG com.sky.mapper.CategoryMapper.queryPageCategory - ==> Parameters: 
2024-09-18 14:13:47.303 [ForkJoinPool.commonPool-worker-1] DEBUG com.sky.mapper.CategoryMapper.queryPageCategory - <==      Total: 12
2024-09-18 14:13:47.308 [ForkJoinPool.commonPool-worker-1] DEBUG com.sky.mapper.CategoryMapper.queryPageCategory - ==>  Preparing: select id, name, type, sort, status, create_time, update_time, create_user, update_user from category
2024-09-18 14:13:47.309 [ForkJoinPool.commonPool-worker-1] DEBUG com.sky.mapper.CategoryMapper.queryPageCategory - ==> Parameters: 
2024-09-18 14:13:47.353 [ForkJoinPool.commonPool-worker-1] DEBUG com.sky.mapper.CategoryMapper.queryPageCategory - <==      Total: 12
2024-09-18 14:13:47.354 [main] INFO  com.sky.admin.CategoryTest - PageInfo{pageNum=1, pageSize=12, size=12, startRow=0, endRow=11, total=12, pages=1, list=[Category(id=15, type=20, name=tiaowu, sort=100, status=0, createTime=2022-06-09T22:14:10, updateTime=2024-09-18T14:13:47, createUser=1, updateUser=1), Category(id=16, type=1, name=蜀味烤鱼, sort=4, status=1, createTime=2022-06-09T22:15:37, updateTime=2022-08-31T14:27:25, createUser=1, updateUser=1), Category(id=17, type=1, name=蜀味牛蛙, sort=5, status=1, createTime=2022-06-09T22:16:14, updateTime=2022-08-31T14:39:44, createUser=1, updateUser=1), Category(id=18, type=1, name=特色蒸菜, sort=6, status=1, createTime=2022-06-09T22:17:42, updateTime=2022-06-09T22:17:42, createUser=1, updateUser=1), Category(id=19, type=1, name=新鲜时蔬, sort=7, status=1, createTime=2022-06-09T22:18:12, updateTime=2022-06-09T22:18:28, createUser=1, updateUser=1), Category(id=20, type=1, name=水煮鱼, sort=8, status=1, createTime=2022-06-09T22:22:29, updateTime=2022-06-09T22:23:45, createUser=1, updateUser=1), Category(id=21, type=1, name=汤类, sort=11, status=1, createTime=2022-06-10T10:51:47, updateTime=2022-06-10T10:51:47, createUser=1, updateUser=1), Category(id=23, type=2, name=养生类, sort=100, status=1, createTime=2024-09-15T16:41:42, updateTime=2024-09-15T16:41:42, createUser=1, updateUser=1), Category(id=25, type=2, name=啤酒, sort=30, status=1, createTime=2024-09-15T22:08:17, updateTime=2024-09-15T22:08:17, createUser=1, updateUser=1), Category(id=28, type=1, name=sfsf, sort=50, status=1, createTime=2024-09-15T22:27:45, updateTime=2024-09-15T22:27:45, createUser=1, updateUser=1), Category(id=29, type=2, name=跳舞, sort=50, status=1, createTime=2024-09-18T10:57:51, updateTime=2024-09-18T10:57:51, createUser=1, updateUser=1), Category(id=30, type=2, name=传统主食, sort=30, status=1, createTime=2024-09-18T14:13:46, updateTime=2024-09-18T14:13:46, createUser=1, updateUser=1)], prePage=0, nextPage=0, isFirstPage=true, isLastPage=true, hasPreviousPage=false, hasNextPage=false, navigatePages=8, navigateFirstPage=1, navigateLastPage=1, navigatepageNums=[1]}
2024-09-18 14:13:47.358 [main] DEBUG com.sky.mapper.CategoryMapper.queryCategoryById - ==>  Preparing: select id, name, type, sort, status, create_time, update_time, create_user, update_user from category WHERE id = ?
2024-09-18 14:13:47.359 [main] DEBUG com.sky.mapper.CategoryMapper.queryCategoryById - ==> Parameters: 1220(Long)
2024-09-18 14:13:47.402 [main] DEBUG com.sky.mapper.CategoryMapper.queryCategoryById - <==      Total: 0
2024-09-18 14:13:47.450 [ForkJoinPool.commonPool-worker-1] DEBUG com.sky.mapper.CategoryMapper.queryCategoryById - ==>  Preparing: select id, name, type, sort, status, create_time, update_time, create_user, update_user from category WHERE id = ?
2024-09-18 14:13:47.451 [ForkJoinPool.commonPool-worker-1] DEBUG com.sky.mapper.CategoryMapper.queryCategoryById - ==> Parameters: 15(Long)
2024-09-18 14:13:47.494 [ForkJoinPool.commonPool-worker-1] DEBUG com.sky.mapper.CategoryMapper.queryCategoryById - <==      Total: 1
2024-09-18 14:13:47.495 [ForkJoinPool.commonPool-worker-1] DEBUG com.sky.mapper.CategoryMapper.updateCategory - ==>  Preparing: update category SET type = ?, sort = ?, name = ?, update_time = now(), update_user = 1 WHERE id = ?
2024-09-18 14:13:47.496 [ForkJoinPool.commonPool-worker-1] DEBUG com.sky.mapper.CategoryMapper.updateCategory - ==> Parameters: 2(Integer), 100(Integer), 传统主食(String), 15(Long)
2024-09-18 14:13:47.675 [main] DEBUG com.sky.mapper.CategoryMapper.queryCategoryById - ==>  Preparing: select id, name, type, sort, status, create_time, update_time, create_user, update_user from category WHERE id = ?
2024-09-18 14:13:47.675 [main] DEBUG com.sky.mapper.CategoryMapper.queryCategoryById - ==> Parameters: 1220(Long)
2024-09-18 14:13:47.718 [main] DEBUG com.sky.mapper.CategoryMapper.queryCategoryById - <==      Total: 0
2024-09-18 14:13:47.765 [main] DEBUG com.sky.mapper.CategoryMapper.queryCategoryById - ==>  Preparing: select id, name, type, sort, status, create_time, update_time, create_user, update_user from category WHERE id = ?
2024-09-18 14:13:47.765 [main] DEBUG com.sky.mapper.CategoryMapper.queryCategoryById - ==> Parameters: 12(Long)
2024-09-18 14:13:47.808 [main] DEBUG com.sky.mapper.CategoryMapper.queryCategoryById - <==      Total: 0
2024-09-18 14:13:47.939 [main] DEBUG com.sky.mapper.CategoryMapper.queryCategoryById - ==>  Preparing: select id, name, type, sort, status, create_time, update_time, create_user, update_user from category WHERE id = ?
2024-09-18 14:13:47.939 [main] DEBUG com.sky.mapper.CategoryMapper.queryCategoryById - ==> Parameters: 11110(Long)
2024-09-18 14:13:47.983 [main] DEBUG com.sky.mapper.CategoryMapper.queryCategoryById - <==      Total: 0
2024-09-18 14:13:48.091 [SpringApplicationShutdownHook] INFO  com.alibaba.druid.pool.DruidDataSource - {dataSource-1} closing ...
2024-09-18 14:13:48.099 [SpringApplicationShutdownHook] INFO  com.alibaba.druid.pool.DruidDataSource - {dataSource-1} closed
2024-09-18 15:05:21.294 [main] INFO  com.sky.admin.CategoryTest - Starting CategoryTest using Java 17.0.11 on DESKTOP-7T4Q9F1 with PID 43528 (started by Lenovo in E:\Java\Project\sky-take-out\sky-server)
2024-09-18 15:05:21.297 [main] INFO  com.sky.admin.CategoryTest - The following 1 profile is active: "dev"
2024-09-18 15:05:21.298 [background-preinit] INFO  org.hibernate.validator.internal.util.Version - HV000001: Hibernate Validator 6.2.4.Final
2024-09-18 15:05:23.298 [main] INFO  c.a.d.s.b.a.DruidDataSourceAutoConfigure - Init DruidDataSource
2024-09-18 15:05:23.555 [main] INFO  com.alibaba.druid.pool.DruidDataSource - {dataSource-1} inited
2024-09-18 15:05:26.547 [main] INFO  com.sky.admin.CategoryTest - Started CategoryTest in 5.647 seconds (JVM running for 7.016)
2024-09-18 15:05:27.589 [ForkJoinPool.commonPool-worker-1] DEBUG com.sky.mapper.CategoryMapper.queryByType - ==>  Preparing: select id, name, type, sort, status, create_time, update_time, create_user, update_user from category WHERE type = ?
2024-09-18 15:05:27.629 [ForkJoinPool.commonPool-worker-1] DEBUG com.sky.mapper.CategoryMapper.queryByType - ==> Parameters: 1(Integer)
2024-09-18 15:05:27.704 [ForkJoinPool.commonPool-worker-1] DEBUG com.sky.mapper.CategoryMapper.queryByType - <==      Total: 7
2024-09-18 15:05:27.706 [main] INFO  com.sky.admin.CategoryTest - result:
com.sky.result.Result@bafc754
2024-09-18 15:05:27.729 [ForkJoinPool.commonPool-worker-1] ERROR com.sky.controller.admin.CategoryController - 发生异常:
com.sky.exception.CategoryTypeExcption: 分类类型不存在
2024-09-18 15:05:27.729 [main] INFO  com.sky.admin.CategoryTest - result:
com.sky.result.Result@359fd0a2
2024-09-18 15:05:27.786 [main] DEBUG com.sky.mapper.CategoryMapper.queryCategoryById - ==>  Preparing: select id, name, type, sort, status, create_time, update_time, create_user, update_user from category WHERE id = ?
2024-09-18 15:05:27.787 [main] DEBUG com.sky.mapper.CategoryMapper.queryCategoryById - ==> Parameters: 111111(Long)
2024-09-18 15:05:27.828 [main] DEBUG com.sky.mapper.CategoryMapper.queryCategoryById - <==      Total: 0
2024-09-18 15:05:27.913 [ForkJoinPool.commonPool-worker-1] DEBUG com.sky.mapper.CategoryMapper.addCategory - ==>  Preparing: insert into category (id, name, type, sort, create_user, update_user) values (Null, ?, ?, ?, 1, 1)
2024-09-18 15:05:27.915 [ForkJoinPool.commonPool-worker-1] DEBUG com.sky.mapper.CategoryMapper.addCategory - ==> Parameters: 传统主食(String), 2(Integer), 30(Integer)
2024-09-18 15:05:28.104 [main] DEBUG com.sky.mapper.CategoryMapper.queryCategoryById - ==>  Preparing: select id, name, type, sort, status, create_time, update_time, create_user, update_user from category WHERE id = ?
2024-09-18 15:05:28.105 [main] DEBUG com.sky.mapper.CategoryMapper.queryCategoryById - ==> Parameters: 12(Long)
2024-09-18 15:05:28.145 [main] DEBUG com.sky.mapper.CategoryMapper.queryCategoryById - <==      Total: 0
2024-09-18 15:05:28.230 [main] DEBUG com.sky.mapper.CategoryMapper.queryCategoryById - ==>  Preparing: select id, name, type, sort, status, create_time, update_time, create_user, update_user from category WHERE id = ?
2024-09-18 15:05:28.231 [main] DEBUG com.sky.mapper.CategoryMapper.queryCategoryById - ==> Parameters: 15(Long)
2024-09-18 15:05:28.270 [main] DEBUG com.sky.mapper.CategoryMapper.queryCategoryById - <==      Total: 1
2024-09-18 15:05:28.271 [main] DEBUG com.sky.mapper.CategoryMapper.changeStatus - ==>  Preparing: update category set status = ?, update_time = now(),update_user=1 WHERE id = ?
2024-09-18 15:05:28.272 [main] DEBUG com.sky.mapper.CategoryMapper.changeStatus - ==> Parameters: 1(Integer), 15(Long)
2024-09-18 15:05:28.352 [main] DEBUG com.sky.mapper.CategoryMapper.changeStatus - <==    Updates: 1
2024-09-18 15:05:28.357 [ForkJoinPool.commonPool-worker-1] ERROR com.sky.controller.admin.CategoryController - 发生异常:
java.lang.NullPointerException: Cannot invoke "java.lang.Integer.intValue()" because "type" is null
2024-09-18 15:05:28.366 [ForkJoinPool.commonPool-worker-1] DEBUG com.sky.mapper.CategoryMapper.queryPageCategory - ==>  Preparing: select id, name, type, sort, status, create_time, update_time, create_user, update_user from category WHERE name like concat("%",?,"%") and type = ?
2024-09-18 15:05:28.366 [ForkJoinPool.commonPool-worker-1] DEBUG com.sky.mapper.CategoryMapper.queryPageCategory - ==> Parameters: 牛蛙(String), 1(Integer)
2024-09-18 15:05:28.406 [ForkJoinPool.commonPool-worker-1] DEBUG com.sky.mapper.CategoryMapper.queryPageCategory - <==      Total: 1
2024-09-18 15:05:28.413 [ForkJoinPool.commonPool-worker-1] DEBUG com.sky.mapper.CategoryMapper.addCategory - ==>  Preparing: insert into category (id, name, type, sort, create_user, update_user) values (Null, ?, ?, ?, 1, 1)
2024-09-18 15:05:28.413 [ForkJoinPool.commonPool-worker-1] DEBUG com.sky.mapper.CategoryMapper.addCategory - ==> Parameters: 啤酒(String), 2(Integer), 30(Integer)
2024-09-18 15:05:28.497 [main] DEBUG com.sky.mapper.CategoryMapper.queryCategoryById - ==>  Preparing: select id, name, type, sort, status, create_time, update_time, create_user, update_user from category WHERE id = ?
2024-09-18 15:05:28.497 [main] DEBUG com.sky.mapper.CategoryMapper.queryCategoryById - ==> Parameters: 15(Long)
2024-09-18 15:05:28.537 [main] DEBUG com.sky.mapper.CategoryMapper.queryCategoryById - <==      Total: 1
2024-09-18 15:05:28.538 [main] DEBUG com.sky.mapper.CategoryMapper.changeStatus - ==>  Preparing: update category set status = ?, update_time = now(),update_user=1 WHERE id = ?
2024-09-18 15:05:28.538 [main] DEBUG com.sky.mapper.CategoryMapper.changeStatus - ==> Parameters: 0(Integer), 15(Long)
2024-09-18 15:05:28.619 [main] DEBUG com.sky.mapper.CategoryMapper.changeStatus - <==    Updates: 1
2024-09-18 15:05:28.623 [ForkJoinPool.commonPool-worker-1] DEBUG com.sky.mapper.CategoryMapper.queryPageCategory - ==>  Preparing: select id, name, type, sort, status, create_time, update_time, create_user, update_user from category WHERE name like concat("%",?,"%") and type = ?
2024-09-18 15:05:28.624 [ForkJoinPool.commonPool-worker-1] DEBUG com.sky.mapper.CategoryMapper.queryPageCategory - ==> Parameters: 蜀味(String), 2(Integer)
2024-09-18 15:05:28.663 [ForkJoinPool.commonPool-worker-1] DEBUG com.sky.mapper.CategoryMapper.queryPageCategory - <==      Total: 0
2024-09-18 15:05:28.667 [ForkJoinPool.commonPool-worker-1] ERROR com.sky.controller.admin.CategoryController - 发生异常:
java.lang.NullPointerException: Cannot invoke "java.lang.Integer.intValue()" because "type" is null
2024-09-18 15:05:28.672 [ForkJoinPool.commonPool-worker-1] ERROR com.sky.controller.admin.CategoryController - 发生异常:
java.lang.NullPointerException: Cannot invoke "java.lang.Integer.intValue()" because "type" is null
2024-09-18 15:05:28.678 [main] DEBUG com.sky.mapper.CategoryMapper.queryCategoryById - ==>  Preparing: select id, name, type, sort, status, create_time, update_time, create_user, update_user from category WHERE id = ?
2024-09-18 15:05:28.679 [main] DEBUG com.sky.mapper.CategoryMapper.queryCategoryById - ==> Parameters: 1220(Long)
2024-09-18 15:05:28.717 [main] DEBUG com.sky.mapper.CategoryMapper.queryCategoryById - <==      Total: 0
2024-09-18 15:05:28.761 [main] DEBUG com.sky.mapper.CategoryMapper.queryCategoryById - ==>  Preparing: select id, name, type, sort, status, create_time, update_time, create_user, update_user from category WHERE id = ?
2024-09-18 15:05:28.762 [main] DEBUG com.sky.mapper.CategoryMapper.queryCategoryById - ==> Parameters: 15(Long)
2024-09-18 15:05:28.800 [main] DEBUG com.sky.mapper.CategoryMapper.queryCategoryById - <==      Total: 1
2024-09-18 15:05:28.802 [main] DEBUG com.sky.mapper.CategoryMapper.updateCategory - ==>  Preparing: update category SET type = ?, sort = ?, name = ?, update_time = now(), update_user = 1 WHERE id = ?
2024-09-18 15:05:28.803 [main] DEBUG com.sky.mapper.CategoryMapper.updateCategory - ==> Parameters: 2(Integer), 100(Integer), 传统主食(String), 15(Long)
2024-09-18 15:05:28.960 [main] DEBUG com.sky.mapper.CategoryMapper.queryCategoryById - ==>  Preparing: select id, name, type, sort, status, create_time, update_time, create_user, update_user from category WHERE id = ?
2024-09-18 15:05:28.960 [main] DEBUG com.sky.mapper.CategoryMapper.queryCategoryById - ==> Parameters: 1220(Long)
2024-09-18 15:05:28.999 [main] DEBUG com.sky.mapper.CategoryMapper.queryCategoryById - <==      Total: 0
2024-09-18 15:05:29.041 [main] DEBUG com.sky.mapper.CategoryMapper.queryCategoryById - ==>  Preparing: select id, name, type, sort, status, create_time, update_time, create_user, update_user from category WHERE id = ?
2024-09-18 15:05:29.042 [main] DEBUG com.sky.mapper.CategoryMapper.queryCategoryById - ==> Parameters: 12(Long)
2024-09-18 15:05:29.080 [main] DEBUG com.sky.mapper.CategoryMapper.queryCategoryById - <==      Total: 0
2024-09-18 15:05:29.197 [main] DEBUG com.sky.mapper.CategoryMapper.queryCategoryById - ==>  Preparing: select id, name, type, sort, status, create_time, update_time, create_user, update_user from category WHERE id = ?
2024-09-18 15:05:29.197 [main] DEBUG com.sky.mapper.CategoryMapper.queryCategoryById - ==> Parameters: 11110(Long)
2024-09-18 15:05:29.236 [main] DEBUG com.sky.mapper.CategoryMapper.queryCategoryById - <==      Total: 0
2024-09-18 15:05:29.335 [SpringApplicationShutdownHook] INFO  com.alibaba.druid.pool.DruidDataSource - {dataSource-1} closing ...
2024-09-18 15:05:29.343 [SpringApplicationShutdownHook] INFO  com.alibaba.druid.pool.DruidDataSource - {dataSource-1} closed
2024-09-18 15:12:52.749 [main] INFO  com.sky.admin.CategoryTest - Starting CategoryTest using Java 17.0.11 on DESKTOP-7T4Q9F1 with PID 56208 (started by Lenovo in E:\Java\Project\sky-take-out\sky-server)
2024-09-18 15:12:52.753 [main] INFO  com.sky.admin.CategoryTest - The following 1 profile is active: "dev"
2024-09-18 15:12:52.754 [background-preinit] INFO  org.hibernate.validator.internal.util.Version - HV000001: Hibernate Validator 6.2.4.Final
2024-09-18 15:12:54.626 [main] INFO  c.a.d.s.b.a.DruidDataSourceAutoConfigure - Init DruidDataSource
2024-09-18 15:12:54.898 [main] INFO  com.alibaba.druid.pool.DruidDataSource - {dataSource-1} inited
2024-09-18 15:12:57.779 [main] INFO  com.sky.admin.CategoryTest - Started CategoryTest in 5.434 seconds (JVM running for 6.799)
2024-09-18 15:12:58.803 [ForkJoinPool.commonPool-worker-1] DEBUG com.sky.mapper.CategoryMapper.queryByType - ==>  Preparing: select id, name, type, sort, status, create_time, update_time, create_user, update_user from category WHERE type = ?
2024-09-18 15:12:58.838 [ForkJoinPool.commonPool-worker-1] DEBUG com.sky.mapper.CategoryMapper.queryByType - ==> Parameters: 1(Integer)
2024-09-18 15:12:58.912 [ForkJoinPool.commonPool-worker-1] DEBUG com.sky.mapper.CategoryMapper.queryByType - <==      Total: 7
2024-09-18 15:12:58.914 [main] INFO  com.sky.admin.CategoryTest - result:
com.sky.result.Result@bafc754
2024-09-18 15:12:58.934 [ForkJoinPool.commonPool-worker-1] ERROR com.sky.controller.admin.CategoryController - 发生异常:
com.sky.exception.CategoryTypeExcption: 分类类型不存在
2024-09-18 15:12:58.935 [main] INFO  com.sky.admin.CategoryTest - result:
com.sky.result.Result@359fd0a2
2024-09-18 15:12:58.992 [main] DEBUG com.sky.mapper.CategoryMapper.queryCategoryById - ==>  Preparing: select id, name, type, sort, status, create_time, update_time, create_user, update_user from category WHERE id = ?
2024-09-18 15:12:58.994 [main] DEBUG com.sky.mapper.CategoryMapper.queryCategoryById - ==> Parameters: 111111(Long)
2024-09-18 15:12:59.037 [main] DEBUG com.sky.mapper.CategoryMapper.queryCategoryById - <==      Total: 0
2024-09-18 15:12:59.127 [main] DEBUG com.sky.mapper.CategoryMapper.addCategory - ==>  Preparing: insert into category (id, name, type, sort, create_user, update_user) values (Null, ?, ?, ?, 1, 1)
2024-09-18 15:12:59.128 [main] DEBUG com.sky.mapper.CategoryMapper.addCategory - ==> Parameters: 传统主食(String), 2(Integer), 30(Integer)
2024-09-18 15:12:59.329 [main] DEBUG com.sky.mapper.CategoryMapper.queryCategoryById - ==>  Preparing: select id, name, type, sort, status, create_time, update_time, create_user, update_user from category WHERE id = ?
2024-09-18 15:12:59.329 [main] DEBUG com.sky.mapper.CategoryMapper.queryCategoryById - ==> Parameters: 15(Long)
2024-09-18 15:12:59.372 [main] DEBUG com.sky.mapper.CategoryMapper.queryCategoryById - <==      Total: 1
2024-09-18 15:12:59.373 [main] DEBUG com.sky.mapper.CategoryMapper.updateCategory - ==>  Preparing: update category SET type = ?, sort = ?, name = ?, update_time = now(), update_user = 1 WHERE id = ?
2024-09-18 15:12:59.374 [main] DEBUG com.sky.mapper.CategoryMapper.updateCategory - ==> Parameters: 2(Integer), 100(Integer), 香干炒肉(String), 15(Long)
2024-09-18 15:12:59.456 [main] DEBUG com.sky.mapper.CategoryMapper.updateCategory - <==    Updates: 1
2024-09-18 15:12:59.550 [main] DEBUG com.sky.mapper.CategoryMapper.queryCategoryById - ==>  Preparing: select id, name, type, sort, status, create_time, update_time, create_user, update_user from category WHERE id = ?
2024-09-18 15:12:59.550 [main] DEBUG com.sky.mapper.CategoryMapper.queryCategoryById - ==> Parameters: 15(Long)
2024-09-18 15:12:59.592 [main] DEBUG com.sky.mapper.CategoryMapper.queryCategoryById - <==      Total: 1
2024-09-18 15:12:59.592 [main] DEBUG com.sky.mapper.CategoryMapper.changeStatus - ==>  Preparing: update category set status = ?, update_time = now(),update_user=1 WHERE id = ?
2024-09-18 15:12:59.593 [main] DEBUG com.sky.mapper.CategoryMapper.changeStatus - ==> Parameters: 1(Integer), 15(Long)
2024-09-18 15:12:59.677 [main] DEBUG com.sky.mapper.CategoryMapper.changeStatus - <==    Updates: 1
2024-09-18 15:12:59.682 [ForkJoinPool.commonPool-worker-1] ERROR com.sky.controller.admin.CategoryController - 发生异常:
java.lang.NullPointerException: Cannot invoke "java.lang.Integer.intValue()" because "type" is null
2024-09-18 15:12:59.693 [ForkJoinPool.commonPool-worker-1] DEBUG com.sky.mapper.CategoryMapper.queryPageCategory - ==>  Preparing: select id, name, type, sort, status, create_time, update_time, create_user, update_user from category WHERE name like concat("%",?,"%") and type = ?
2024-09-18 15:12:59.693 [ForkJoinPool.commonPool-worker-1] DEBUG com.sky.mapper.CategoryMapper.queryPageCategory - ==> Parameters: 牛蛙(String), 1(Integer)
2024-09-18 15:12:59.735 [ForkJoinPool.commonPool-worker-1] DEBUG com.sky.mapper.CategoryMapper.queryPageCategory - <==      Total: 1
2024-09-18 15:12:59.742 [main] DEBUG com.sky.mapper.CategoryMapper.addCategory - ==>  Preparing: insert into category (id, name, type, sort, create_user, update_user) values (Null, ?, ?, ?, 1, 1)
2024-09-18 15:12:59.743 [main] DEBUG com.sky.mapper.CategoryMapper.addCategory - ==> Parameters: 啤酒(String), 2(Integer), 30(Integer)
2024-09-18 15:12:59.835 [main] DEBUG com.sky.mapper.CategoryMapper.queryCategoryById - ==>  Preparing: select id, name, type, sort, status, create_time, update_time, create_user, update_user from category WHERE id = ?
2024-09-18 15:12:59.835 [main] DEBUG com.sky.mapper.CategoryMapper.queryCategoryById - ==> Parameters: 15(Long)
2024-09-18 15:12:59.877 [main] DEBUG com.sky.mapper.CategoryMapper.queryCategoryById - <==      Total: 1
2024-09-18 15:12:59.877 [main] DEBUG com.sky.mapper.CategoryMapper.changeStatus - ==>  Preparing: update category set status = ?, update_time = now(),update_user=1 WHERE id = ?
2024-09-18 15:12:59.878 [main] DEBUG com.sky.mapper.CategoryMapper.changeStatus - ==> Parameters: 0(Integer), 15(Long)
2024-09-18 15:12:59.963 [main] DEBUG com.sky.mapper.CategoryMapper.changeStatus - <==    Updates: 1
2024-09-18 15:12:59.968 [ForkJoinPool.commonPool-worker-1] DEBUG com.sky.mapper.CategoryMapper.queryPageCategory - ==>  Preparing: select id, name, type, sort, status, create_time, update_time, create_user, update_user from category WHERE name like concat("%",?,"%") and type = ?
2024-09-18 15:12:59.968 [ForkJoinPool.commonPool-worker-1] DEBUG com.sky.mapper.CategoryMapper.queryPageCategory - ==> Parameters: 蜀味(String), 2(Integer)
2024-09-18 15:13:00.008 [ForkJoinPool.commonPool-worker-1] DEBUG com.sky.mapper.CategoryMapper.queryPageCategory - <==      Total: 0
2024-09-18 15:13:00.015 [ForkJoinPool.commonPool-worker-1] ERROR com.sky.controller.admin.CategoryController - 发生异常:
java.lang.NullPointerException: Cannot invoke "java.lang.Integer.intValue()" because "type" is null
2024-09-18 15:13:00.025 [main] ERROR com.sky.controller.admin.CategoryController - 发生异常:
java.lang.NullPointerException: Cannot invoke "java.lang.Integer.intValue()" because "type" is null
2024-09-18 15:13:00.035 [main] DEBUG com.sky.mapper.CategoryMapper.queryCategoryById - ==>  Preparing: select id, name, type, sort, status, create_time, update_time, create_user, update_user from category WHERE id = ?
2024-09-18 15:13:00.036 [main] DEBUG com.sky.mapper.CategoryMapper.queryCategoryById - ==> Parameters: 1220(Long)
2024-09-18 15:13:00.076 [main] DEBUG com.sky.mapper.CategoryMapper.queryCategoryById - <==      Total: 0
2024-09-18 15:13:00.122 [main] DEBUG com.sky.mapper.CategoryMapper.queryCategoryById - ==>  Preparing: select id, name, type, sort, status, create_time, update_time, create_user, update_user from category WHERE id = ?
2024-09-18 15:13:00.122 [main] DEBUG com.sky.mapper.CategoryMapper.queryCategoryById - ==> Parameters: 15(Long)
2024-09-18 15:13:00.163 [main] DEBUG com.sky.mapper.CategoryMapper.queryCategoryById - <==      Total: 1
2024-09-18 15:13:00.163 [main] DEBUG com.sky.mapper.CategoryMapper.updateCategory - ==>  Preparing: update category SET type = ?, sort = ?, name = ?, update_time = now(), update_user = 1 WHERE id = ?
2024-09-18 15:13:00.164 [main] DEBUG com.sky.mapper.CategoryMapper.updateCategory - ==> Parameters: 2(Integer), 100(Integer), 传统主食(String), 15(Long)
2024-09-18 15:13:00.328 [main] DEBUG com.sky.mapper.CategoryMapper.queryCategoryById - ==>  Preparing: select id, name, type, sort, status, create_time, update_time, create_user, update_user from category WHERE id = ?
2024-09-18 15:13:00.329 [main] DEBUG com.sky.mapper.CategoryMapper.queryCategoryById - ==> Parameters: 1220(Long)
2024-09-18 15:13:00.368 [main] DEBUG com.sky.mapper.CategoryMapper.queryCategoryById - <==      Total: 0
2024-09-18 15:13:00.418 [main] DEBUG com.sky.mapper.CategoryMapper.queryCategoryById - ==>  Preparing: select id, name, type, sort, status, create_time, update_time, create_user, update_user from category WHERE id = ?
2024-09-18 15:13:00.418 [main] DEBUG com.sky.mapper.CategoryMapper.queryCategoryById - ==> Parameters: 12(Long)
2024-09-18 15:13:00.458 [main] DEBUG com.sky.mapper.CategoryMapper.queryCategoryById - <==      Total: 0
2024-09-18 15:13:00.583 [main] DEBUG com.sky.mapper.CategoryMapper.queryCategoryById - ==>  Preparing: select id, name, type, sort, status, create_time, update_time, create_user, update_user from category WHERE id = ?
2024-09-18 15:13:00.584 [main] DEBUG com.sky.mapper.CategoryMapper.queryCategoryById - ==> Parameters: 11110(Long)
2024-09-18 15:13:00.624 [main] DEBUG com.sky.mapper.CategoryMapper.queryCategoryById - <==      Total: 0
2024-09-18 15:13:00.727 [SpringApplicationShutdownHook] INFO  com.alibaba.druid.pool.DruidDataSource - {dataSource-1} closing ...
2024-09-18 15:13:00.736 [SpringApplicationShutdownHook] INFO  com.alibaba.druid.pool.DruidDataSource - {dataSource-1} closed
2024-09-18 15:16:29.571 [main] INFO  com.sky.admin.CategoryTest - Starting CategoryTest using Java 17.0.11 on DESKTOP-7T4Q9F1 with PID 56784 (started by Lenovo in E:\Java\Project\sky-take-out\sky-server)
2024-09-18 15:16:29.571 [background-preinit] INFO  org.hibernate.validator.internal.util.Version - HV000001: Hibernate Validator 6.2.4.Final
2024-09-18 15:16:29.575 [main] INFO  com.sky.admin.CategoryTest - The following 1 profile is active: "dev"
2024-09-18 15:16:32.077 [main] INFO  c.a.d.s.b.a.DruidDataSourceAutoConfigure - Init DruidDataSource
2024-09-18 15:16:32.506 [main] INFO  com.alibaba.druid.pool.DruidDataSource - {dataSource-1} inited
2024-09-18 15:16:36.237 [main] INFO  com.sky.admin.CategoryTest - Started CategoryTest in 7.139 seconds (JVM running for 9.401)
2024-09-18 15:16:37.497 [ForkJoinPool.commonPool-worker-1] DEBUG com.sky.mapper.CategoryMapper.queryByType - ==>  Preparing: select id, name, type, sort, status, create_time, update_time, create_user, update_user from category WHERE type = ?
2024-09-18 15:16:37.536 [ForkJoinPool.commonPool-worker-1] DEBUG com.sky.mapper.CategoryMapper.queryByType - ==> Parameters: 1(Integer)
2024-09-18 15:16:37.619 [ForkJoinPool.commonPool-worker-1] DEBUG com.sky.mapper.CategoryMapper.queryByType - <==      Total: 7
2024-09-18 15:16:37.621 [main] INFO  com.sky.admin.CategoryTest - result:
com.sky.result.Result@53630682
2024-09-18 15:16:37.649 [ForkJoinPool.commonPool-worker-1] ERROR com.sky.controller.admin.CategoryController - 发生异常:
com.sky.exception.CategoryTypeExcption: 分类类型不存在
2024-09-18 15:16:37.649 [main] INFO  com.sky.admin.CategoryTest - result:
com.sky.result.Result@7e9d171c
2024-09-18 15:16:37.708 [main] DEBUG com.sky.mapper.CategoryMapper.queryCategoryById - ==>  Preparing: select id, name, type, sort, status, create_time, update_time, create_user, update_user from category WHERE id = ?
2024-09-18 15:16:37.709 [main] DEBUG com.sky.mapper.CategoryMapper.queryCategoryById - ==> Parameters: 111111(Long)
2024-09-18 15:16:37.758 [main] DEBUG com.sky.mapper.CategoryMapper.queryCategoryById - <==      Total: 0
2024-09-18 15:16:37.848 [main] DEBUG com.sky.mapper.CategoryMapper.addCategory - ==>  Preparing: insert into category (id, name, type, sort, create_user, update_user) values (Null, ?, ?, ?, 1, 1)
2024-09-18 15:16:37.850 [main] DEBUG com.sky.mapper.CategoryMapper.addCategory - ==> Parameters: 传统主食(String), 2(Integer), 30(Integer)
2024-09-18 15:16:38.038 [main] DEBUG com.sky.mapper.CategoryMapper.queryCategoryById - ==>  Preparing: select id, name, type, sort, status, create_time, update_time, create_user, update_user from category WHERE id = ?
2024-09-18 15:16:38.039 [main] DEBUG com.sky.mapper.CategoryMapper.queryCategoryById - ==> Parameters: 15(Long)
2024-09-18 15:16:38.081 [main] DEBUG com.sky.mapper.CategoryMapper.queryCategoryById - <==      Total: 1
2024-09-18 15:16:38.083 [main] DEBUG com.sky.mapper.CategoryMapper.updateCategory - ==>  Preparing: update category SET type = ?, sort = ?, name = ?, update_time = now(), update_user = 1 WHERE id = ?
2024-09-18 15:16:38.083 [main] DEBUG com.sky.mapper.CategoryMapper.updateCategory - ==> Parameters: 2(Integer), 100(Integer), 香干炒肉(String), 15(Long)
2024-09-18 15:16:38.165 [main] DEBUG com.sky.mapper.CategoryMapper.updateCategory - <==    Updates: 1
2024-09-18 15:16:38.255 [main] DEBUG com.sky.mapper.CategoryMapper.queryCategoryById - ==>  Preparing: select id, name, type, sort, status, create_time, update_time, create_user, update_user from category WHERE id = ?
2024-09-18 15:16:38.255 [main] DEBUG com.sky.mapper.CategoryMapper.queryCategoryById - ==> Parameters: 15(Long)
2024-09-18 15:16:38.296 [main] DEBUG com.sky.mapper.CategoryMapper.queryCategoryById - <==      Total: 1
2024-09-18 15:16:38.297 [main] DEBUG com.sky.mapper.CategoryMapper.changeStatus - ==>  Preparing: update category set status = ?, update_time = now(),update_user=1 WHERE id = ?
2024-09-18 15:16:38.297 [main] DEBUG com.sky.mapper.CategoryMapper.changeStatus - ==> Parameters: 1(Integer), 15(Long)
2024-09-18 15:16:38.381 [main] DEBUG com.sky.mapper.CategoryMapper.changeStatus - <==    Updates: 1
2024-09-18 15:17:00.457 [ForkJoinPool.commonPool-worker-2] DEBUG com.sky.mapper.CategoryMapper.queryPageCategory - ==>  Preparing: select id, name, type, sort, status, create_time, update_time, create_user, update_user from category WHERE name like concat("%",?,"%") and type = ?
2024-09-18 15:17:00.480 [ForkJoinPool.commonPool-worker-2] DEBUG com.sky.mapper.CategoryMapper.queryPageCategory - ==> Parameters: 牛蛙(String), 1(Integer)
2024-09-18 15:17:02.256 [ForkJoinPool.commonPool-worker-2] DEBUG com.sky.mapper.CategoryMapper.queryPageCategory - <==      Total: 1
2024-09-18 15:17:08.578 [main] DEBUG com.sky.mapper.CategoryMapper.addCategory - ==>  Preparing: insert into category (id, name, type, sort, create_user, update_user) values (Null, ?, ?, ?, 1, 1)
2024-09-18 15:17:08.817 [main] DEBUG com.sky.mapper.CategoryMapper.addCategory - ==> Parameters: 啤酒(String), 2(Integer), 30(Integer)
2024-09-18 15:17:12.570 [ForkJoinPool.commonPool-worker-1] ERROR com.sky.controller.admin.CategoryController - 发生异常:
java.lang.NullPointerException: Cannot invoke "java.lang.Integer.intValue()" because "type" is null
2024-09-18 15:17:13.833 [main] DEBUG com.sky.mapper.CategoryMapper.queryCategoryById - ==>  Preparing: select id, name, type, sort, status, create_time, update_time, create_user, update_user from category WHERE id = ?
2024-09-18 15:17:13.834 [main] DEBUG com.sky.mapper.CategoryMapper.queryCategoryById - ==> Parameters: 15(Long)
2024-09-18 15:17:15.496 [main] DEBUG com.sky.mapper.CategoryMapper.queryCategoryById - <==      Total: 1
2024-09-18 15:17:15.497 [main] DEBUG com.sky.mapper.CategoryMapper.changeStatus - ==>  Preparing: update category set status = ?, update_time = now(),update_user=1 WHERE id = ?
2024-09-18 15:17:15.497 [main] DEBUG com.sky.mapper.CategoryMapper.changeStatus - ==> Parameters: 0(Integer), 15(Long)
2024-09-18 15:17:15.583 [main] DEBUG com.sky.mapper.CategoryMapper.changeStatus - <==    Updates: 1
2024-09-18 15:17:16.068 [ForkJoinPool.commonPool-worker-1] DEBUG com.sky.mapper.CategoryMapper.queryPageCategory - ==>  Preparing: select id, name, type, sort, status, create_time, update_time, create_user, update_user from category WHERE name like concat("%",?,"%") and type = ?
2024-09-18 15:17:16.072 [ForkJoinPool.commonPool-worker-1] DEBUG com.sky.mapper.CategoryMapper.queryPageCategory - ==> Parameters: 蜀味(String), 2(Integer)
2024-09-18 15:17:16.115 [ForkJoinPool.commonPool-worker-1] DEBUG com.sky.mapper.CategoryMapper.queryPageCategory - <==      Total: 0
2024-09-18 15:17:21.965 [ForkJoinPool.commonPool-worker-1] ERROR com.sky.controller.admin.CategoryController - 发生异常:
java.lang.NullPointerException: Cannot invoke "java.lang.Integer.intValue()" because "type" is null
2024-09-18 15:17:21.974 [ForkJoinPool.commonPool-worker-1] ERROR com.sky.controller.admin.CategoryController - 发生异常:
java.lang.NullPointerException: Cannot invoke "java.lang.Integer.intValue()" because "type" is null
2024-09-18 15:17:21.984 [main] DEBUG com.sky.mapper.CategoryMapper.queryCategoryById - ==>  Preparing: select id, name, type, sort, status, create_time, update_time, create_user, update_user from category WHERE id = ?
2024-09-18 15:17:21.985 [main] DEBUG com.sky.mapper.CategoryMapper.queryCategoryById - ==> Parameters: 1220(Long)
2024-09-18 15:17:22.026 [main] DEBUG com.sky.mapper.CategoryMapper.queryCategoryById - <==      Total: 0
2024-09-18 15:17:22.027 [SpringApplicationShutdownHook] INFO  com.alibaba.druid.pool.DruidDataSource - {dataSource-1} closing ...
2024-09-18 15:17:22.042 [SpringApplicationShutdownHook] INFO  com.alibaba.druid.pool.DruidDataSource - {dataSource-1} closed
2024-09-18 15:24:09.871 [main] INFO  com.sky.admin.CategoryTest - Starting CategoryTest using Java 17.0.11 on DESKTOP-7T4Q9F1 with PID 36056 (started by Lenovo in E:\Java\Project\sky-take-out\sky-server)
2024-09-18 15:24:09.875 [main] INFO  com.sky.admin.CategoryTest - The following 1 profile is active: "dev"
2024-09-18 15:24:09.882 [background-preinit] INFO  org.hibernate.validator.internal.util.Version - HV000001: Hibernate Validator 6.2.4.Final
2024-09-18 15:24:12.012 [main] INFO  c.a.d.s.b.a.DruidDataSourceAutoConfigure - Init DruidDataSource
2024-09-18 15:24:12.314 [main] INFO  com.alibaba.druid.pool.DruidDataSource - {dataSource-1} inited
2024-09-18 15:24:15.863 [main] INFO  com.sky.admin.CategoryTest - Started CategoryTest in 6.423 seconds (JVM running for 8.034)
2024-09-18 15:24:17.039 [ForkJoinPool.commonPool-worker-1] DEBUG com.sky.mapper.CategoryMapper.queryByType - ==>  Preparing: select id, name, type, sort, status, create_time, update_time, create_user, update_user from category WHERE type = ?
2024-09-18 15:24:17.081 [ForkJoinPool.commonPool-worker-1] DEBUG com.sky.mapper.CategoryMapper.queryByType - ==> Parameters: 1(Integer)
2024-09-18 15:24:17.152 [ForkJoinPool.commonPool-worker-1] DEBUG com.sky.mapper.CategoryMapper.queryByType - <==      Total: 7
2024-09-18 15:24:17.155 [main] INFO  com.sky.admin.CategoryTest - result:
com.sky.result.Result@4bca2a09
2024-09-18 15:24:17.177 [ForkJoinPool.commonPool-worker-1] ERROR com.sky.controller.admin.CategoryController - 发生异常:
com.sky.exception.CategoryTypeExcption: 分类类型不存在
2024-09-18 15:24:17.177 [main] INFO  com.sky.admin.CategoryTest - result:
com.sky.result.Result@4b517357
2024-09-18 15:24:17.236 [main] DEBUG com.sky.mapper.CategoryMapper.queryCategoryById - ==>  Preparing: select id, name, type, sort, status, create_time, update_time, create_user, update_user from category WHERE id = ?
2024-09-18 15:24:17.238 [main] DEBUG com.sky.mapper.CategoryMapper.queryCategoryById - ==> Parameters: 111111(Long)
2024-09-18 15:24:17.278 [main] DEBUG com.sky.mapper.CategoryMapper.queryCategoryById - <==      Total: 0
2024-09-18 15:24:17.364 [main] DEBUG com.sky.mapper.CategoryMapper.addCategory - ==>  Preparing: insert into category (id, name, type, sort, create_user, update_user) values (Null, ?, ?, ?, 1, 1)
2024-09-18 15:24:17.367 [main] DEBUG com.sky.mapper.CategoryMapper.addCategory - ==> Parameters: 传统主食(String), 2(Integer), 30(Integer)
2024-09-18 15:24:17.548 [main] DEBUG com.sky.mapper.CategoryMapper.queryCategoryById - ==>  Preparing: select id, name, type, sort, status, create_time, update_time, create_user, update_user from category WHERE id = ?
2024-09-18 15:24:17.548 [main] DEBUG com.sky.mapper.CategoryMapper.queryCategoryById - ==> Parameters: 15(Long)
2024-09-18 15:24:17.588 [main] DEBUG com.sky.mapper.CategoryMapper.queryCategoryById - <==      Total: 1
2024-09-18 15:24:17.589 [main] DEBUG com.sky.mapper.CategoryMapper.updateCategory - ==>  Preparing: update category SET type = ?, sort = ?, name = ?, update_time = now(), update_user = 1 WHERE id = ?
2024-09-18 15:24:17.590 [main] DEBUG com.sky.mapper.CategoryMapper.updateCategory - ==> Parameters: 2(Integer), 100(Integer), 香干炒肉(String), 15(Long)
2024-09-18 15:24:17.666 [main] DEBUG com.sky.mapper.CategoryMapper.updateCategory - <==    Updates: 1
2024-09-18 15:24:17.751 [main] DEBUG com.sky.mapper.CategoryMapper.queryCategoryById - ==>  Preparing: select id, name, type, sort, status, create_time, update_time, create_user, update_user from category WHERE id = ?
2024-09-18 15:24:17.752 [main] DEBUG com.sky.mapper.CategoryMapper.queryCategoryById - ==> Parameters: 15(Long)
2024-09-18 15:24:17.791 [main] DEBUG com.sky.mapper.CategoryMapper.queryCategoryById - <==      Total: 1
2024-09-18 15:24:26.553 [ForkJoinPool.commonPool-worker-1] DEBUG com.sky.mapper.CategoryMapper.queryPageCategory - ==>  Preparing: select id, name, type, sort, status, create_time, update_time, create_user, update_user from category WHERE name like concat("%",?,"%") and type = ?
2024-09-18 15:24:26.554 [ForkJoinPool.commonPool-worker-1] DEBUG com.sky.mapper.CategoryMapper.queryPageCategory - ==> Parameters: 牛蛙(String), 1(Integer)
2024-09-18 15:24:26.595 [ForkJoinPool.commonPool-worker-1] DEBUG com.sky.mapper.CategoryMapper.queryPageCategory - <==      Total: 1
2024-09-18 15:24:26.599 [main] DEBUG com.sky.mapper.CategoryMapper.addCategory - ==>  Preparing: insert into category (id, name, type, sort, create_user, update_user) values (Null, ?, ?, ?, 1, 1)
2024-09-18 15:24:26.601 [main] DEBUG com.sky.mapper.CategoryMapper.addCategory - ==> Parameters: 啤酒(String), 2(Integer), 30(Integer)
2024-09-18 15:24:26.687 [main] DEBUG com.sky.mapper.CategoryMapper.queryCategoryById - ==>  Preparing: select id, name, type, sort, status, create_time, update_time, create_user, update_user from category WHERE id = ?
2024-09-18 15:24:26.688 [main] DEBUG com.sky.mapper.CategoryMapper.queryCategoryById - ==> Parameters: 15(Long)
2024-09-18 15:24:26.728 [main] DEBUG com.sky.mapper.CategoryMapper.queryCategoryById - <==      Total: 1
2024-09-18 15:24:27.529 [ForkJoinPool.commonPool-worker-1] DEBUG com.sky.mapper.CategoryMapper.queryPageCategory - ==>  Preparing: select id, name, type, sort, status, create_time, update_time, create_user, update_user from category WHERE name like concat("%",?,"%") and type = ?
2024-09-18 15:24:27.530 [ForkJoinPool.commonPool-worker-1] DEBUG com.sky.mapper.CategoryMapper.queryPageCategory - ==> Parameters: 蜀味(String), 2(Integer)
2024-09-18 15:24:27.569 [ForkJoinPool.commonPool-worker-1] DEBUG com.sky.mapper.CategoryMapper.queryPageCategory - <==      Total: 0
2024-09-18 15:24:37.697 [main] DEBUG com.sky.mapper.CategoryMapper.queryCategoryById - ==>  Preparing: select id, name, type, sort, status, create_time, update_time, create_user, update_user from category WHERE id = ?
2024-09-18 15:24:37.697 [main] DEBUG com.sky.mapper.CategoryMapper.queryCategoryById - ==> Parameters: 1220(Long)
2024-09-18 15:24:37.735 [SpringApplicationShutdownHook] INFO  com.alibaba.druid.pool.DruidDataSource - {dataSource-1} closing ...
2024-09-18 15:24:37.736 [SpringApplicationShutdownHook] INFO  com.alibaba.druid.pool.DruidDataSource - {dataSource-1} closed
2024-09-18 15:24:37.736 [main] DEBUG com.sky.mapper.CategoryMapper.queryCategoryById - <==      Total: 0
2024-09-18 15:24:41.230 [main] INFO  com.sky.admin.CategoryTest - Starting CategoryTest using Java 17.0.11 on DESKTOP-7T4Q9F1 with PID 56688 (started by Lenovo in E:\Java\Project\sky-take-out\sky-server)
2024-09-18 15:24:41.234 [main] INFO  com.sky.admin.CategoryTest - The following 1 profile is active: "dev"
2024-09-18 15:24:41.240 [background-preinit] INFO  org.hibernate.validator.internal.util.Version - HV000001: Hibernate Validator 6.2.4.Final
2024-09-18 15:24:43.404 [main] INFO  c.a.d.s.b.a.DruidDataSourceAutoConfigure - Init DruidDataSource
2024-09-18 15:24:43.684 [main] INFO  com.alibaba.druid.pool.DruidDataSource - {dataSource-1} inited
2024-09-18 15:24:47.211 [main] INFO  com.sky.admin.CategoryTest - Started CategoryTest in 6.413 seconds (JVM running for 8.067)
2024-09-18 15:24:48.409 [ForkJoinPool.commonPool-worker-1] DEBUG com.sky.mapper.CategoryMapper.queryByType - ==>  Preparing: select id, name, type, sort, status, create_time, update_time, create_user, update_user from category WHERE type = ?
2024-09-18 15:24:48.441 [ForkJoinPool.commonPool-worker-1] DEBUG com.sky.mapper.CategoryMapper.queryByType - ==> Parameters: 1(Integer)
2024-09-18 15:24:48.538 [ForkJoinPool.commonPool-worker-1] DEBUG com.sky.mapper.CategoryMapper.queryByType - <==      Total: 7
2024-09-18 15:24:48.541 [main] INFO  com.sky.admin.CategoryTest - result:
com.sky.result.Result@8318808
2024-09-18 15:24:48.566 [ForkJoinPool.commonPool-worker-1] ERROR com.sky.controller.admin.CategoryController - 发生异常:
com.sky.exception.CategoryTypeExcption: 分类类型不存在
2024-09-18 15:24:48.566 [main] INFO  com.sky.admin.CategoryTest - result:
com.sky.result.Result@6aff157e
2024-09-18 15:24:48.652 [main] DEBUG com.sky.mapper.CategoryMapper.queryCategoryById - ==>  Preparing: select id, name, type, sort, status, create_time, update_time, create_user, update_user from category WHERE id = ?
2024-09-18 15:24:48.653 [main] DEBUG com.sky.mapper.CategoryMapper.queryCategoryById - ==> Parameters: 111111(Long)
2024-09-18 15:24:48.718 [main] DEBUG com.sky.mapper.CategoryMapper.queryCategoryById - <==      Total: 0
2024-09-18 15:24:48.812 [main] DEBUG com.sky.mapper.CategoryMapper.addCategory - ==>  Preparing: insert into category (id, name, type, sort, create_user, update_user) values (Null, ?, ?, ?, 1, 1)
2024-09-18 15:24:48.814 [main] DEBUG com.sky.mapper.CategoryMapper.addCategory - ==> Parameters: 传统主食(String), 2(Integer), 30(Integer)
2024-09-18 15:24:49.014 [main] DEBUG com.sky.mapper.CategoryMapper.queryCategoryById - ==>  Preparing: select id, name, type, sort, status, create_time, update_time, create_user, update_user from category WHERE id = ?
2024-09-18 15:24:49.014 [main] DEBUG com.sky.mapper.CategoryMapper.queryCategoryById - ==> Parameters: 15(Long)
2024-09-18 15:24:49.060 [main] DEBUG com.sky.mapper.CategoryMapper.queryCategoryById - <==      Total: 1
2024-09-18 15:24:49.061 [main] DEBUG com.sky.mapper.CategoryMapper.updateCategory - ==>  Preparing: update category SET type = ?, sort = ?, name = ?, update_time = now(), update_user = 1 WHERE id = ?
2024-09-18 15:24:49.061 [main] DEBUG com.sky.mapper.CategoryMapper.updateCategory - ==> Parameters: 2(Integer), 100(Integer), 香干炒肉(String), 15(Long)
2024-09-18 15:24:49.148 [main] DEBUG com.sky.mapper.CategoryMapper.updateCategory - <==    Updates: 1
2024-09-18 15:24:49.245 [main] DEBUG com.sky.mapper.CategoryMapper.queryCategoryById - ==>  Preparing: select id, name, type, sort, status, create_time, update_time, create_user, update_user from category WHERE id = ?
2024-09-18 15:24:49.245 [main] DEBUG com.sky.mapper.CategoryMapper.queryCategoryById - ==> Parameters: 15(Long)
2024-09-18 15:24:49.289 [main] DEBUG com.sky.mapper.CategoryMapper.queryCategoryById - <==      Total: 1
2024-09-18 15:24:49.304 [ForkJoinPool.commonPool-worker-1] DEBUG com.sky.mapper.CategoryMapper.queryPageCategory - ==>  Preparing: select id, name, type, sort, status, create_time, update_time, create_user, update_user from category WHERE name like concat("%",?,"%") and type = ?
2024-09-18 15:24:49.304 [ForkJoinPool.commonPool-worker-1] DEBUG com.sky.mapper.CategoryMapper.queryPageCategory - ==> Parameters: 牛蛙(String), 1(Integer)
2024-09-18 15:24:49.348 [ForkJoinPool.commonPool-worker-1] DEBUG com.sky.mapper.CategoryMapper.queryPageCategory - <==      Total: 1
2024-09-18 15:24:49.354 [main] DEBUG com.sky.mapper.CategoryMapper.addCategory - ==>  Preparing: insert into category (id, name, type, sort, create_user, update_user) values (Null, ?, ?, ?, 1, 1)
2024-09-18 15:24:49.355 [main] DEBUG com.sky.mapper.CategoryMapper.addCategory - ==> Parameters: 啤酒(String), 2(Integer), 30(Integer)
2024-09-18 15:24:49.449 [main] DEBUG com.sky.mapper.CategoryMapper.queryCategoryById - ==>  Preparing: select id, name, type, sort, status, create_time, update_time, create_user, update_user from category WHERE id = ?
2024-09-18 15:24:49.450 [main] DEBUG com.sky.mapper.CategoryMapper.queryCategoryById - ==> Parameters: 15(Long)
2024-09-18 15:24:49.492 [main] DEBUG com.sky.mapper.CategoryMapper.queryCategoryById - <==      Total: 1
2024-09-18 15:24:49.497 [ForkJoinPool.commonPool-worker-1] DEBUG com.sky.mapper.CategoryMapper.queryPageCategory - ==>  Preparing: select id, name, type, sort, status, create_time, update_time, create_user, update_user from category WHERE name like concat("%",?,"%") and type = ?
2024-09-18 15:24:49.498 [ForkJoinPool.commonPool-worker-1] DEBUG com.sky.mapper.CategoryMapper.queryPageCategory - ==> Parameters: 蜀味(String), 2(Integer)
2024-09-18 15:24:49.541 [ForkJoinPool.commonPool-worker-1] DEBUG com.sky.mapper.CategoryMapper.queryPageCategory - <==      Total: 0
2024-09-18 15:24:49.558 [main] DEBUG com.sky.mapper.CategoryMapper.queryCategoryById - ==>  Preparing: select id, name, type, sort, status, create_time, update_time, create_user, update_user from category WHERE id = ?
2024-09-18 15:24:49.558 [main] DEBUG com.sky.mapper.CategoryMapper.queryCategoryById - ==> Parameters: 1220(Long)
2024-09-18 15:24:49.601 [main] DEBUG com.sky.mapper.CategoryMapper.queryCategoryById - <==      Total: 0
2024-09-18 15:24:49.650 [main] DEBUG com.sky.mapper.CategoryMapper.queryCategoryById - ==>  Preparing: select id, name, type, sort, status, create_time, update_time, create_user, update_user from category WHERE id = ?
2024-09-18 15:24:49.651 [main] DEBUG com.sky.mapper.CategoryMapper.queryCategoryById - ==> Parameters: 15(Long)
2024-09-18 15:24:49.694 [main] DEBUG com.sky.mapper.CategoryMapper.queryCategoryById - <==      Total: 1
2024-09-18 15:24:49.695 [main] DEBUG com.sky.mapper.CategoryMapper.updateCategory - ==>  Preparing: update category SET type = ?, sort = ?, name = ?, update_time = now(), update_user = 1 WHERE id = ?
2024-09-18 15:24:49.695 [main] DEBUG com.sky.mapper.CategoryMapper.updateCategory - ==> Parameters: 2(Integer), 100(Integer), 传统主食(String), 15(Long)
2024-09-18 15:24:49.868 [main] DEBUG com.sky.mapper.CategoryMapper.queryCategoryById - ==>  Preparing: select id, name, type, sort, status, create_time, update_time, create_user, update_user from category WHERE id = ?
2024-09-18 15:24:49.869 [main] DEBUG com.sky.mapper.CategoryMapper.queryCategoryById - ==> Parameters: 1220(Long)
2024-09-18 15:24:49.913 [main] DEBUG com.sky.mapper.CategoryMapper.queryCategoryById - <==      Total: 0
2024-09-18 15:24:49.960 [main] DEBUG com.sky.mapper.CategoryMapper.queryCategoryById - ==>  Preparing: select id, name, type, sort, status, create_time, update_time, create_user, update_user from category WHERE id = ?
2024-09-18 15:24:49.960 [main] DEBUG com.sky.mapper.CategoryMapper.queryCategoryById - ==> Parameters: 12(Long)
2024-09-18 15:24:50.003 [main] DEBUG com.sky.mapper.CategoryMapper.queryCategoryById - <==      Total: 0
2024-09-18 15:24:50.134 [main] DEBUG com.sky.mapper.CategoryMapper.queryCategoryById - ==>  Preparing: select id, name, type, sort, status, create_time, update_time, create_user, update_user from category WHERE id = ?
2024-09-18 15:24:50.134 [main] DEBUG com.sky.mapper.CategoryMapper.queryCategoryById - ==> Parameters: 11110(Long)
2024-09-18 15:24:50.176 [main] DEBUG com.sky.mapper.CategoryMapper.queryCategoryById - <==      Total: 0
2024-09-18 15:24:50.285 [SpringApplicationShutdownHook] INFO  com.alibaba.druid.pool.DruidDataSource - {dataSource-1} closing ...
2024-09-18 15:24:50.294 [SpringApplicationShutdownHook] INFO  com.alibaba.druid.pool.DruidDataSource - {dataSource-1} closed
2024-09-18 15:27:18.377 [main] INFO  com.sky.admin.CategoryTest - Starting CategoryTest using Java 17.0.11 on DESKTOP-7T4Q9F1 with PID 54656 (started by Lenovo in E:\Java\Project\sky-take-out\sky-server)
2024-09-18 15:27:18.379 [background-preinit] INFO  org.hibernate.validator.internal.util.Version - HV000001: Hibernate Validator 6.2.4.Final
2024-09-18 15:27:18.380 [main] INFO  com.sky.admin.CategoryTest - The following 1 profile is active: "dev"
2024-09-18 15:27:20.532 [main] INFO  c.a.d.s.b.a.DruidDataSourceAutoConfigure - Init DruidDataSource
2024-09-18 15:27:20.765 [main] INFO  com.alibaba.druid.pool.DruidDataSource - {dataSource-1} inited
2024-09-18 15:27:24.194 [main] INFO  com.sky.admin.CategoryTest - Started CategoryTest in 6.233 seconds (JVM running for 7.701)
2024-09-18 15:27:25.349 [ForkJoinPool.commonPool-worker-1] DEBUG com.sky.mapper.CategoryMapper.queryByType - ==>  Preparing: select id, name, type, sort, status, create_time, update_time, create_user, update_user from category WHERE type = ?
2024-09-18 15:27:25.380 [ForkJoinPool.commonPool-worker-1] DEBUG com.sky.mapper.CategoryMapper.queryByType - ==> Parameters: 1(Integer)
2024-09-18 15:27:25.453 [ForkJoinPool.commonPool-worker-1] DEBUG com.sky.mapper.CategoryMapper.queryByType - <==      Total: 7
2024-09-18 15:27:25.455 [main] INFO  com.sky.admin.CategoryTest - result:
com.sky.result.Result@3a75d9a1
2024-09-18 15:27:25.489 [ForkJoinPool.commonPool-worker-1] ERROR com.sky.controller.admin.CategoryController - 发生异常:
com.sky.exception.CategoryTypeExcption: 分类类型不存在
2024-09-18 15:27:25.489 [main] INFO  com.sky.admin.CategoryTest - result:
com.sky.result.Result@d98ce13
2024-09-18 15:27:25.546 [main] DEBUG com.sky.mapper.CategoryMapper.queryCategoryById - ==>  Preparing: select id, name, type, sort, status, create_time, update_time, create_user, update_user from category WHERE id = ?
2024-09-18 15:27:25.546 [main] DEBUG com.sky.mapper.CategoryMapper.queryCategoryById - ==> Parameters: 111111(Long)
2024-09-18 15:27:25.588 [main] DEBUG com.sky.mapper.CategoryMapper.queryCategoryById - <==      Total: 0
2024-09-18 15:27:25.678 [main] DEBUG com.sky.mapper.CategoryMapper.addCategory - ==>  Preparing: insert into category (id, name, type, sort, create_user, update_user) values (Null, ?, ?, ?, 1, 1)
2024-09-18 15:27:25.679 [main] DEBUG com.sky.mapper.CategoryMapper.addCategory - ==> Parameters: 传统主食(String), 2(Integer), 30(Integer)
2024-09-18 15:27:25.868 [main] DEBUG com.sky.mapper.CategoryMapper.queryCategoryById - ==>  Preparing: select id, name, type, sort, status, create_time, update_time, create_user, update_user from category WHERE id = ?
2024-09-18 15:27:25.869 [main] DEBUG com.sky.mapper.CategoryMapper.queryCategoryById - ==> Parameters: 15(Long)
2024-09-18 15:27:25.910 [main] DEBUG com.sky.mapper.CategoryMapper.queryCategoryById - <==      Total: 1
2024-09-18 15:27:25.911 [main] DEBUG com.sky.mapper.CategoryMapper.updateCategory - ==>  Preparing: update category SET type = ?, sort = ?, name = ?, update_time = now(), update_user = 1 WHERE id = ?
2024-09-18 15:27:25.912 [main] DEBUG com.sky.mapper.CategoryMapper.updateCategory - ==> Parameters: 2(Integer), 100(Integer), 香干炒肉(String), 15(Long)
2024-09-18 15:27:25.992 [main] DEBUG com.sky.mapper.CategoryMapper.updateCategory - <==    Updates: 1
2024-09-18 15:27:26.082 [main] DEBUG com.sky.mapper.CategoryMapper.queryCategoryById - ==>  Preparing: select id, name, type, sort, status, create_time, update_time, create_user, update_user from category WHERE id = ?
2024-09-18 15:27:26.082 [main] DEBUG com.sky.mapper.CategoryMapper.queryCategoryById - ==> Parameters: 15(Long)
2024-09-18 15:27:26.122 [main] DEBUG com.sky.mapper.CategoryMapper.queryCategoryById - <==      Total: 1
2024-09-18 15:27:26.142 [ForkJoinPool.commonPool-worker-1] DEBUG com.sky.mapper.CategoryMapper.queryPageCategory - ==>  Preparing: select id, name, type, sort, status, create_time, update_time, create_user, update_user from category WHERE name like concat("%",?,"%") and type = ?
2024-09-18 15:27:26.142 [ForkJoinPool.commonPool-worker-1] DEBUG com.sky.mapper.CategoryMapper.queryPageCategory - ==> Parameters: 牛蛙(String), 1(Integer)
2024-09-18 15:27:26.183 [ForkJoinPool.commonPool-worker-1] DEBUG com.sky.mapper.CategoryMapper.queryPageCategory - <==      Total: 1
2024-09-18 15:27:26.193 [main] DEBUG com.sky.mapper.CategoryMapper.addCategory - ==>  Preparing: insert into category (id, name, type, sort, create_user, update_user) values (Null, ?, ?, ?, 1, 1)
2024-09-18 15:27:26.194 [main] DEBUG com.sky.mapper.CategoryMapper.addCategory - ==> Parameters: 啤酒(String), 2(Integer), 30(Integer)
2024-09-18 15:27:26.285 [main] DEBUG com.sky.mapper.CategoryMapper.queryCategoryById - ==>  Preparing: select id, name, type, sort, status, create_time, update_time, create_user, update_user from category WHERE id = ?
2024-09-18 15:27:26.285 [main] DEBUG com.sky.mapper.CategoryMapper.queryCategoryById - ==> Parameters: 15(Long)
2024-09-18 15:27:26.327 [main] DEBUG com.sky.mapper.CategoryMapper.queryCategoryById - <==      Total: 1
2024-09-18 15:27:26.332 [ForkJoinPool.commonPool-worker-1] DEBUG com.sky.mapper.CategoryMapper.queryPageCategory - ==>  Preparing: select id, name, type, sort, status, create_time, update_time, create_user, update_user from category WHERE name like concat("%",?,"%") and type = ?
2024-09-18 15:27:26.332 [ForkJoinPool.commonPool-worker-1] DEBUG com.sky.mapper.CategoryMapper.queryPageCategory - ==> Parameters: 蜀味(String), 2(Integer)
2024-09-18 15:27:26.373 [ForkJoinPool.commonPool-worker-1] DEBUG com.sky.mapper.CategoryMapper.queryPageCategory - <==      Total: 0
2024-09-18 15:27:26.393 [main] DEBUG com.sky.mapper.CategoryMapper.queryCategoryById - ==>  Preparing: select id, name, type, sort, status, create_time, update_time, create_user, update_user from category WHERE id = ?
2024-09-18 15:27:26.394 [main] DEBUG com.sky.mapper.CategoryMapper.queryCategoryById - ==> Parameters: 1220(Long)
2024-09-18 15:27:26.434 [main] DEBUG com.sky.mapper.CategoryMapper.queryCategoryById - <==      Total: 0
2024-09-18 15:27:26.482 [main] DEBUG com.sky.mapper.CategoryMapper.queryCategoryById - ==>  Preparing: select id, name, type, sort, status, create_time, update_time, create_user, update_user from category WHERE id = ?
2024-09-18 15:27:26.482 [main] DEBUG com.sky.mapper.CategoryMapper.queryCategoryById - ==> Parameters: 15(Long)
2024-09-18 15:27:26.522 [main] DEBUG com.sky.mapper.CategoryMapper.queryCategoryById - <==      Total: 1
2024-09-18 15:27:26.523 [main] DEBUG com.sky.mapper.CategoryMapper.updateCategory - ==>  Preparing: update category SET type = ?, sort = ?, name = ?, update_time = now(), update_user = 1 WHERE id = ?
2024-09-18 15:27:26.523 [main] DEBUG com.sky.mapper.CategoryMapper.updateCategory - ==> Parameters: 2(Integer), 100(Integer), 传统主食(String), 15(Long)
2024-09-18 15:27:26.689 [main] DEBUG com.sky.mapper.CategoryMapper.queryCategoryById - ==>  Preparing: select id, name, type, sort, status, create_time, update_time, create_user, update_user from category WHERE id = ?
2024-09-18 15:27:26.689 [main] DEBUG com.sky.mapper.CategoryMapper.queryCategoryById - ==> Parameters: 1220(Long)
2024-09-18 15:27:26.729 [main] DEBUG com.sky.mapper.CategoryMapper.queryCategoryById - <==      Total: 0
2024-09-18 15:27:26.774 [main] DEBUG com.sky.mapper.CategoryMapper.queryCategoryById - ==>  Preparing: select id, name, type, sort, status, create_time, update_time, create_user, update_user from category WHERE id = ?
2024-09-18 15:27:26.774 [main] DEBUG com.sky.mapper.CategoryMapper.queryCategoryById - ==> Parameters: 12(Long)
2024-09-18 15:27:26.814 [main] DEBUG com.sky.mapper.CategoryMapper.queryCategoryById - <==      Total: 0
2024-09-18 15:27:26.936 [main] DEBUG com.sky.mapper.CategoryMapper.queryCategoryById - ==>  Preparing: select id, name, type, sort, status, create_time, update_time, create_user, update_user from category WHERE id = ?
2024-09-18 15:27:26.937 [main] DEBUG com.sky.mapper.CategoryMapper.queryCategoryById - ==> Parameters: 11110(Long)
2024-09-18 15:27:26.976 [main] DEBUG com.sky.mapper.CategoryMapper.queryCategoryById - <==      Total: 0
2024-09-18 15:27:27.081 [SpringApplicationShutdownHook] INFO  com.alibaba.druid.pool.DruidDataSource - {dataSource-1} closing ...
2024-09-18 15:27:27.087 [SpringApplicationShutdownHook] INFO  com.alibaba.druid.pool.DruidDataSource - {dataSource-1} closed
