2024-09-14 22:58:52.789 [main] INFO  com.sky.SkyApplication - Starting SkyApplication using Java 17.0.11 on DESKTOP-7T4Q9F1 with PID 10576 (E:\Java\Project\sky-take-out\sky-server\target\classes started by Lenovo in E:\Java\Project\sky-take-out)
2024-09-14 22:58:52.791 [main] INFO  com.sky.SkyApplication - The following 1 profile is active: "dev"
2024-09-14 22:58:54.874 [main] INFO  org.apache.catalina.core.AprLifecycleListener - Loaded Apache Tomcat Native library [2.0.7] using APR version [1.7.4].
2024-09-14 22:58:54.874 [main] INFO  org.apache.catalina.core.AprLifecycleListener - APR capabilities: IPv6 [true], sendfile [true], accept filters [false], random [true], UDS [true].
2024-09-14 22:58:54.875 [main] INFO  org.apache.catalina.core.AprLifecycleListener - APR/OpenSSL configuration: useAprConnector [false], useOpenSSL [true]
2024-09-14 22:58:54.926 [main] INFO  org.apache.catalina.core.AprLifecycleListener - OpenSSL successfully initialized [OpenSSL 3.0.13 30 Jan 2024]
2024-09-14 22:58:54.935 [main] INFO  org.apache.coyote.http11.Http11NioProtocol - Initializing ProtocolHandler ["http-nio-8080"]
2024-09-14 22:58:54.935 [main] INFO  org.apache.catalina.core.StandardService - Starting service [Tomcat]
2024-09-14 22:58:54.935 [main] INFO  org.apache.catalina.core.StandardEngine - Starting Servlet engine: [Apache Tomcat/9.0.65]
2024-09-14 22:58:55.052 [main] INFO  o.a.c.core.ContainerBase.[Tomcat].[localhost].[/] - Initializing Spring embedded WebApplicationContext
2024-09-14 22:58:55.196 [main] INFO  c.a.d.s.b.a.DruidDataSourceAutoConfigure - Init DruidDataSource
2024-09-14 22:58:55.339 [main] INFO  com.alibaba.druid.pool.DruidDataSource - {dataSource-1} inited
2024-09-14 22:58:56.503 [main] INFO  org.apache.coyote.http11.Http11NioProtocol - Starting ProtocolHandler ["http-nio-8080"]
2024-09-14 22:58:56.723 [main] INFO  com.sky.SkyApplication - Started SkyApplication in 4.463 seconds (JVM running for 5.934)
2024-09-14 22:59:09.389 [http-nio-8080-exec-1] INFO  o.a.c.core.ContainerBase.[Tomcat].[localhost].[/] - Initializing Spring DispatcherServlet 'dispatcherServlet'
2024-09-14 22:59:09.493 [http-nio-8080-exec-4] WARN  org.springframework.web.servlet.PageNotFound - No mapping for GET /favicon.ico
2024-09-14 22:59:20.043 [http-nio-8080-exec-7] DEBUG com.sky.mapper.EmployeeMapper.getByUsername - ==>  Preparing: select * from employee where username = ?
2024-09-14 22:59:20.075 [http-nio-8080-exec-7] DEBUG com.sky.mapper.EmployeeMapper.getByUsername - ==> Parameters: admin(String)
2024-09-14 22:59:20.105 [http-nio-8080-exec-7] DEBUG com.sky.mapper.EmployeeMapper.getByUsername - <==      Total: 1
2024-09-14 23:00:31.812 [SpringApplicationShutdownHook] INFO  com.alibaba.druid.pool.DruidDataSource - {dataSource-1} closing ...
2024-09-14 23:00:31.818 [SpringApplicationShutdownHook] INFO  com.alibaba.druid.pool.DruidDataSource - {dataSource-1} closed
2024-09-14 23:00:38.050 [main] INFO  com.sky.SkyApplication - Starting SkyApplication using Java 17.0.11 on DESKTOP-7T4Q9F1 with PID 22380 (E:\Java\Project\sky-take-out\sky-server\target\classes started by Lenovo in E:\Java\Project\sky-take-out)
2024-09-14 23:00:38.051 [main] INFO  com.sky.SkyApplication - The following 1 profile is active: "dev"
2024-09-14 23:00:39.549 [main] INFO  org.apache.catalina.core.AprLifecycleListener - Loaded Apache Tomcat Native library [2.0.7] using APR version [1.7.4].
2024-09-14 23:00:39.549 [main] INFO  org.apache.catalina.core.AprLifecycleListener - APR capabilities: IPv6 [true], sendfile [true], accept filters [false], random [true], UDS [true].
2024-09-14 23:00:39.549 [main] INFO  org.apache.catalina.core.AprLifecycleListener - APR/OpenSSL configuration: useAprConnector [false], useOpenSSL [true]
2024-09-14 23:00:39.553 [main] INFO  org.apache.catalina.core.AprLifecycleListener - OpenSSL successfully initialized [OpenSSL 3.0.13 30 Jan 2024]
2024-09-14 23:00:39.562 [main] INFO  org.apache.coyote.http11.Http11NioProtocol - Initializing ProtocolHandler ["http-nio-8080"]
2024-09-14 23:00:39.562 [main] INFO  org.apache.catalina.core.StandardService - Starting service [Tomcat]
2024-09-14 23:00:39.562 [main] INFO  org.apache.catalina.core.StandardEngine - Starting Servlet engine: [Apache Tomcat/9.0.65]
2024-09-14 23:00:39.674 [main] INFO  o.a.c.core.ContainerBase.[Tomcat].[localhost].[/] - Initializing Spring embedded WebApplicationContext
2024-09-14 23:00:39.820 [main] INFO  c.a.d.s.b.a.DruidDataSourceAutoConfigure - Init DruidDataSource
2024-09-14 23:00:39.946 [main] INFO  com.alibaba.druid.pool.DruidDataSource - {dataSource-1} inited
2024-09-14 23:00:41.031 [main] INFO  org.apache.coyote.http11.Http11NioProtocol - Starting ProtocolHandler ["http-nio-8080"]
2024-09-14 23:00:41.266 [main] INFO  com.sky.SkyApplication - Started SkyApplication in 3.725 seconds (JVM running for 4.594)
2024-09-14 23:00:49.721 [http-nio-8080-exec-1] INFO  o.a.c.core.ContainerBase.[Tomcat].[localhost].[/] - Initializing Spring DispatcherServlet 'dispatcherServlet'
2024-09-14 23:00:58.882 [ForkJoinPool.commonPool-worker-1] DEBUG com.sky.mapper.EmployeeMapper.existsId - ==>  Preparing: select id from employee where id = ?
2024-09-14 23:00:58.927 [ForkJoinPool.commonPool-worker-1] DEBUG com.sky.mapper.EmployeeMapper.existsId - ==> Parameters: 1(Integer)
2024-09-14 23:00:58.970 [ForkJoinPool.commonPool-worker-1] DEBUG com.sky.mapper.EmployeeMapper.existsId - <==      Total: 1
2024-09-14 23:00:58.973 [ForkJoinPool.commonPool-worker-1] DEBUG com.sky.mapper.EmployeeMapper.editPassword - ==>  Preparing: update employee set password = md5(?) where id = ?
2024-09-14 23:00:58.974 [ForkJoinPool.commonPool-worker-1] DEBUG com.sky.mapper.EmployeeMapper.editPassword - ==> Parameters: 123456(String), 1(Integer)
2024-09-14 23:00:58.982 [ForkJoinPool.commonPool-worker-1] DEBUG com.sky.mapper.EmployeeMapper.editPassword - <==    Updates: 1
2024-09-14 23:03:17.458 [SpringApplicationShutdownHook] INFO  com.alibaba.druid.pool.DruidDataSource - {dataSource-1} closing ...
2024-09-14 23:03:17.462 [SpringApplicationShutdownHook] INFO  com.alibaba.druid.pool.DruidDataSource - {dataSource-1} closed
2024-09-14 23:05:14.403 [main] INFO  com.sky.SkyApplication - Starting SkyApplication using Java 17.0.11 on DESKTOP-7T4Q9F1 with PID 17588 (E:\Java\Project\sky-take-out\sky-server\target\classes started by Lenovo in E:\Java\Project\sky-take-out)
2024-09-14 23:05:14.406 [main] INFO  com.sky.SkyApplication - The following 1 profile is active: "dev"
2024-09-14 23:05:15.804 [main] INFO  org.apache.catalina.core.AprLifecycleListener - Loaded Apache Tomcat Native library [2.0.7] using APR version [1.7.4].
2024-09-14 23:05:15.804 [main] INFO  org.apache.catalina.core.AprLifecycleListener - APR capabilities: IPv6 [true], sendfile [true], accept filters [false], random [true], UDS [true].
2024-09-14 23:05:15.804 [main] INFO  org.apache.catalina.core.AprLifecycleListener - APR/OpenSSL configuration: useAprConnector [false], useOpenSSL [true]
2024-09-14 23:05:15.809 [main] INFO  org.apache.catalina.core.AprLifecycleListener - OpenSSL successfully initialized [OpenSSL 3.0.13 30 Jan 2024]
2024-09-14 23:05:15.817 [main] INFO  org.apache.coyote.http11.Http11NioProtocol - Initializing ProtocolHandler ["http-nio-8080"]
2024-09-14 23:05:15.818 [main] INFO  org.apache.catalina.core.StandardService - Starting service [Tomcat]
2024-09-14 23:05:15.819 [main] INFO  org.apache.catalina.core.StandardEngine - Starting Servlet engine: [Apache Tomcat/9.0.65]
2024-09-14 23:05:15.928 [main] INFO  o.a.c.core.ContainerBase.[Tomcat].[localhost].[/] - Initializing Spring embedded WebApplicationContext
2024-09-14 23:05:16.043 [main] INFO  c.a.d.s.b.a.DruidDataSourceAutoConfigure - Init DruidDataSource
2024-09-14 23:05:16.150 [main] INFO  com.alibaba.druid.pool.DruidDataSource - {dataSource-1} inited
2024-09-14 23:05:17.078 [main] INFO  org.apache.coyote.http11.Http11NioProtocol - Starting ProtocolHandler ["http-nio-8080"]
2024-09-14 23:05:17.277 [main] INFO  com.sky.SkyApplication - Started SkyApplication in 3.497 seconds (JVM running for 4.173)
2024-09-14 23:05:53.857 [SpringApplicationShutdownHook] INFO  com.alibaba.druid.pool.DruidDataSource - {dataSource-1} closing ...
2024-09-14 23:05:53.857 [SpringApplicationShutdownHook] INFO  com.alibaba.druid.pool.DruidDataSource - {dataSource-1} closed
2024-09-14 23:15:14.327 [main] INFO  com.sky.SkyApplication - Starting SkyApplication using Java 17.0.11 on DESKTOP-7T4Q9F1 with PID 21976 (E:\Java\Project\sky-take-out\sky-server\target\classes started by Lenovo in E:\Java\Project\sky-take-out)
2024-09-14 23:15:14.331 [main] INFO  com.sky.SkyApplication - The following 1 profile is active: "dev"
2024-09-14 23:15:15.788 [main] INFO  org.apache.catalina.core.AprLifecycleListener - Loaded Apache Tomcat Native library [2.0.7] using APR version [1.7.4].
2024-09-14 23:15:15.788 [main] INFO  org.apache.catalina.core.AprLifecycleListener - APR capabilities: IPv6 [true], sendfile [true], accept filters [false], random [true], UDS [true].
2024-09-14 23:15:15.789 [main] INFO  org.apache.catalina.core.AprLifecycleListener - APR/OpenSSL configuration: useAprConnector [false], useOpenSSL [true]
2024-09-14 23:15:15.794 [main] INFO  org.apache.catalina.core.AprLifecycleListener - OpenSSL successfully initialized [OpenSSL 3.0.13 30 Jan 2024]
2024-09-14 23:15:15.802 [main] INFO  org.apache.coyote.http11.Http11NioProtocol - Initializing ProtocolHandler ["http-nio-8080"]
2024-09-14 23:15:15.803 [main] INFO  org.apache.catalina.core.StandardService - Starting service [Tomcat]
2024-09-14 23:15:15.803 [main] INFO  org.apache.catalina.core.StandardEngine - Starting Servlet engine: [Apache Tomcat/9.0.65]
2024-09-14 23:15:15.914 [main] INFO  o.a.c.core.ContainerBase.[Tomcat].[localhost].[/] - Initializing Spring embedded WebApplicationContext
2024-09-14 23:15:16.032 [main] INFO  c.a.d.s.b.a.DruidDataSourceAutoConfigure - Init DruidDataSource
2024-09-14 23:15:16.139 [main] INFO  com.alibaba.druid.pool.DruidDataSource - {dataSource-1} inited
2024-09-14 23:15:17.109 [main] INFO  org.apache.coyote.http11.Http11NioProtocol - Starting ProtocolHandler ["http-nio-8080"]
2024-09-14 23:15:17.304 [main] INFO  com.sky.SkyApplication - Started SkyApplication in 3.409 seconds (JVM running for 4.041)
2024-09-14 23:16:45.667 [http-nio-8080-exec-1] INFO  o.a.c.core.ContainerBase.[Tomcat].[localhost].[/] - Initializing Spring DispatcherServlet 'dispatcherServlet'
2024-09-14 23:16:55.260 [ForkJoinPool.commonPool-worker-1] DEBUG com.sky.mapper.EmployeeMapper.existsId - ==>  Preparing: select id from employee where id = ?
2024-09-14 23:16:55.280 [ForkJoinPool.commonPool-worker-1] DEBUG com.sky.mapper.EmployeeMapper.existsId - ==> Parameters: 1(Integer)
2024-09-14 23:16:55.302 [ForkJoinPool.commonPool-worker-1] DEBUG com.sky.mapper.EmployeeMapper.existsId - <==      Total: 1
2024-09-14 23:16:55.303 [ForkJoinPool.commonPool-worker-1] DEBUG com.sky.mapper.EmployeeMapper.editPassword - ==>  Preparing: update employee set password = md5(?) where id = ?
2024-09-14 23:16:55.304 [ForkJoinPool.commonPool-worker-1] DEBUG com.sky.mapper.EmployeeMapper.editPassword - ==> Parameters: 123456(String), 1(Integer)
2024-09-14 23:16:55.305 [ForkJoinPool.commonPool-worker-1] DEBUG com.sky.mapper.EmployeeMapper.editPassword - <==    Updates: 1
2024-09-14 23:24:17.015 [SpringApplicationShutdownHook] INFO  com.alibaba.druid.pool.DruidDataSource - {dataSource-1} closing ...
2024-09-14 23:24:17.021 [SpringApplicationShutdownHook] INFO  com.alibaba.druid.pool.DruidDataSource - {dataSource-1} closed
2024-09-14 23:24:19.930 [main] INFO  com.sky.SkyApplication - Starting SkyApplication using Java 17.0.11 on DESKTOP-7T4Q9F1 with PID 14884 (E:\Java\Project\sky-take-out\sky-server\target\classes started by Lenovo in E:\Java\Project\sky-take-out)
2024-09-14 23:24:19.933 [main] INFO  com.sky.SkyApplication - The following 1 profile is active: "dev"
2024-09-14 23:24:21.231 [main] INFO  org.apache.catalina.core.AprLifecycleListener - Loaded Apache Tomcat Native library [2.0.7] using APR version [1.7.4].
2024-09-14 23:24:21.231 [main] INFO  org.apache.catalina.core.AprLifecycleListener - APR capabilities: IPv6 [true], sendfile [true], accept filters [false], random [true], UDS [true].
2024-09-14 23:24:21.232 [main] INFO  org.apache.catalina.core.AprLifecycleListener - APR/OpenSSL configuration: useAprConnector [false], useOpenSSL [true]
2024-09-14 23:24:21.236 [main] INFO  org.apache.catalina.core.AprLifecycleListener - OpenSSL successfully initialized [OpenSSL 3.0.13 30 Jan 2024]
2024-09-14 23:24:21.245 [main] INFO  org.apache.coyote.http11.Http11NioProtocol - Initializing ProtocolHandler ["http-nio-8080"]
2024-09-14 23:24:21.246 [main] INFO  org.apache.catalina.core.StandardService - Starting service [Tomcat]
2024-09-14 23:24:21.246 [main] INFO  org.apache.catalina.core.StandardEngine - Starting Servlet engine: [Apache Tomcat/9.0.65]
2024-09-14 23:24:21.376 [main] INFO  o.a.c.core.ContainerBase.[Tomcat].[localhost].[/] - Initializing Spring embedded WebApplicationContext
2024-09-14 23:24:21.507 [main] INFO  c.a.d.s.b.a.DruidDataSourceAutoConfigure - Init DruidDataSource
2024-09-14 23:24:21.619 [main] INFO  com.alibaba.druid.pool.DruidDataSource - {dataSource-1} inited
2024-09-14 23:24:22.573 [main] INFO  org.apache.coyote.http11.Http11NioProtocol - Starting ProtocolHandler ["http-nio-8080"]
2024-09-14 23:24:22.767 [main] INFO  com.sky.SkyApplication - Started SkyApplication in 3.337 seconds (JVM running for 3.961)
2024-09-14 23:25:27.408 [SpringApplicationShutdownHook] INFO  com.alibaba.druid.pool.DruidDataSource - {dataSource-1} closing ...
2024-09-14 23:25:27.409 [SpringApplicationShutdownHook] INFO  com.alibaba.druid.pool.DruidDataSource - {dataSource-1} closed
2024-09-14 23:25:30.091 [main] INFO  com.sky.SkyApplication - Starting SkyApplication using Java 17.0.11 on DESKTOP-7T4Q9F1 with PID 20996 (E:\Java\Project\sky-take-out\sky-server\target\classes started by Lenovo in E:\Java\Project\sky-take-out)
2024-09-14 23:25:30.093 [main] INFO  com.sky.SkyApplication - The following 1 profile is active: "dev"
2024-09-14 23:25:31.451 [main] INFO  org.apache.catalina.core.AprLifecycleListener - Loaded Apache Tomcat Native library [2.0.7] using APR version [1.7.4].
2024-09-14 23:25:31.451 [main] INFO  org.apache.catalina.core.AprLifecycleListener - APR capabilities: IPv6 [true], sendfile [true], accept filters [false], random [true], UDS [true].
2024-09-14 23:25:31.451 [main] INFO  org.apache.catalina.core.AprLifecycleListener - APR/OpenSSL configuration: useAprConnector [false], useOpenSSL [true]
2024-09-14 23:25:31.456 [main] INFO  org.apache.catalina.core.AprLifecycleListener - OpenSSL successfully initialized [OpenSSL 3.0.13 30 Jan 2024]
2024-09-14 23:25:31.464 [main] INFO  org.apache.coyote.http11.Http11NioProtocol - Initializing ProtocolHandler ["http-nio-8080"]
2024-09-14 23:25:31.465 [main] INFO  org.apache.catalina.core.StandardService - Starting service [Tomcat]
2024-09-14 23:25:31.465 [main] INFO  org.apache.catalina.core.StandardEngine - Starting Servlet engine: [Apache Tomcat/9.0.65]
2024-09-14 23:25:31.576 [main] INFO  o.a.c.core.ContainerBase.[Tomcat].[localhost].[/] - Initializing Spring embedded WebApplicationContext
2024-09-14 23:25:31.692 [main] INFO  c.a.d.s.b.a.DruidDataSourceAutoConfigure - Init DruidDataSource
2024-09-14 23:25:31.798 [main] INFO  com.alibaba.druid.pool.DruidDataSource - {dataSource-1} inited
2024-09-14 23:25:32.740 [main] INFO  org.apache.coyote.http11.Http11NioProtocol - Starting ProtocolHandler ["http-nio-8080"]
2024-09-14 23:25:32.934 [main] INFO  com.sky.SkyApplication - Started SkyApplication in 3.318 seconds (JVM running for 4.012)
2024-09-14 23:25:43.518 [http-nio-8080-exec-1] INFO  o.a.c.core.ContainerBase.[Tomcat].[localhost].[/] - Initializing Spring DispatcherServlet 'dispatcherServlet'
2024-09-14 23:25:51.624 [ForkJoinPool.commonPool-worker-1] DEBUG com.sky.mapper.EmployeeMapper.existsId - ==>  Preparing: select id from employee where id = ?
2024-09-14 23:25:51.644 [ForkJoinPool.commonPool-worker-1] DEBUG com.sky.mapper.EmployeeMapper.existsId - ==> Parameters: 1(Integer)
2024-09-14 23:25:51.665 [ForkJoinPool.commonPool-worker-1] DEBUG com.sky.mapper.EmployeeMapper.existsId - <==      Total: 1
2024-09-14 23:25:51.667 [ForkJoinPool.commonPool-worker-1] DEBUG com.sky.mapper.EmployeeMapper.editPassword - ==>  Preparing: update employee set password = md5(?) where id = ?
2024-09-14 23:25:51.668 [ForkJoinPool.commonPool-worker-1] DEBUG com.sky.mapper.EmployeeMapper.editPassword - ==> Parameters: 123456(String), 1(Integer)
2024-09-14 23:25:51.669 [ForkJoinPool.commonPool-worker-1] DEBUG com.sky.mapper.EmployeeMapper.editPassword - <==    Updates: 1
2024-09-14 23:32:21.264 [SpringApplicationShutdownHook] INFO  com.alibaba.druid.pool.DruidDataSource - {dataSource-1} closing ...
2024-09-14 23:32:21.268 [SpringApplicationShutdownHook] INFO  com.alibaba.druid.pool.DruidDataSource - {dataSource-1} closed
2024-09-14 23:32:24.031 [main] INFO  com.sky.SkyApplication - Starting SkyApplication using Java 17.0.11 on DESKTOP-7T4Q9F1 with PID 21220 (E:\Java\Project\sky-take-out\sky-server\target\classes started by Lenovo in E:\Java\Project\sky-take-out)
2024-09-14 23:32:24.033 [main] INFO  com.sky.SkyApplication - The following 1 profile is active: "dev"
2024-09-14 23:32:25.332 [main] INFO  org.apache.catalina.core.AprLifecycleListener - Loaded Apache Tomcat Native library [2.0.7] using APR version [1.7.4].
2024-09-14 23:32:25.332 [main] INFO  org.apache.catalina.core.AprLifecycleListener - APR capabilities: IPv6 [true], sendfile [true], accept filters [false], random [true], UDS [true].
2024-09-14 23:32:25.333 [main] INFO  org.apache.catalina.core.AprLifecycleListener - APR/OpenSSL configuration: useAprConnector [false], useOpenSSL [true]
2024-09-14 23:32:25.338 [main] INFO  org.apache.catalina.core.AprLifecycleListener - OpenSSL successfully initialized [OpenSSL 3.0.13 30 Jan 2024]
2024-09-14 23:32:25.345 [main] INFO  org.apache.coyote.http11.Http11NioProtocol - Initializing ProtocolHandler ["http-nio-8080"]
2024-09-14 23:32:25.346 [main] INFO  org.apache.catalina.core.StandardService - Starting service [Tomcat]
2024-09-14 23:32:25.346 [main] INFO  org.apache.catalina.core.StandardEngine - Starting Servlet engine: [Apache Tomcat/9.0.65]
2024-09-14 23:32:25.450 [main] INFO  o.a.c.core.ContainerBase.[Tomcat].[localhost].[/] - Initializing Spring embedded WebApplicationContext
2024-09-14 23:32:25.575 [main] INFO  c.a.d.s.b.a.DruidDataSourceAutoConfigure - Init DruidDataSource
2024-09-14 23:32:25.686 [main] INFO  com.alibaba.druid.pool.DruidDataSource - {dataSource-1} inited
2024-09-14 23:32:26.585 [main] INFO  org.apache.coyote.http11.Http11NioProtocol - Starting ProtocolHandler ["http-nio-8080"]
2024-09-14 23:32:26.783 [main] INFO  com.sky.SkyApplication - Started SkyApplication in 3.256 seconds (JVM running for 3.881)
2024-09-14 23:32:33.335 [http-nio-8080-exec-1] INFO  o.a.c.core.ContainerBase.[Tomcat].[localhost].[/] - Initializing Spring DispatcherServlet 'dispatcherServlet'
2024-09-14 23:32:57.915 [ForkJoinPool.commonPool-worker-1] DEBUG com.sky.mapper.EmployeeMapper.existsId - ==>  Preparing: select id from employee where id = ?
2024-09-14 23:32:57.934 [ForkJoinPool.commonPool-worker-1] DEBUG com.sky.mapper.EmployeeMapper.existsId - ==> Parameters: 1(Integer)
2024-09-14 23:32:57.958 [ForkJoinPool.commonPool-worker-1] DEBUG com.sky.mapper.EmployeeMapper.existsId - <==      Total: 1
2024-09-14 23:32:57.960 [ForkJoinPool.commonPool-worker-1] DEBUG com.sky.mapper.EmployeeMapper.editPassword - ==>  Preparing: update employee set password = md5(?) where id = ?
2024-09-14 23:32:57.960 [ForkJoinPool.commonPool-worker-1] DEBUG com.sky.mapper.EmployeeMapper.editPassword - ==> Parameters: 123456(String), 1(Integer)
2024-09-14 23:32:57.962 [ForkJoinPool.commonPool-worker-1] DEBUG com.sky.mapper.EmployeeMapper.editPassword - <==    Updates: 1
2024-09-14 23:34:03.531 [http-nio-8080-exec-7] ERROR com.alibaba.druid.pool.DruidAbstractDataSource - discard long time none received connection. , jdbcUrl : jdbc:mysql://localhost:3306/sky_take_out?serverTimezone=Asia/Shanghai&useUnicode=true&characterEncoding=utf-8&zeroDateTimeBehavior=convertToNull&useSSL=false&allowPublicKeyRetrieval=true, jdbcUrl : jdbc:mysql://localhost:3306/sky_take_out?serverTimezone=Asia/Shanghai&useUnicode=true&characterEncoding=utf-8&zeroDateTimeBehavior=convertToNull&useSSL=false&allowPublicKeyRetrieval=true, lastPacketReceivedIdleMillis : 65559
2024-09-14 23:34:03.534 [http-nio-8080-exec-7] DEBUG com.sky.mapper.EmployeeMapper.getByUsername - ==>  Preparing: select * from employee where username = ?
2024-09-14 23:34:03.535 [http-nio-8080-exec-7] DEBUG com.sky.mapper.EmployeeMapper.getByUsername - ==> Parameters: admin(String)
2024-09-14 23:34:03.537 [http-nio-8080-exec-7] DEBUG com.sky.mapper.EmployeeMapper.getByUsername - <==      Total: 1
2024-09-14 23:34:03.537 [http-nio-8080-exec-7] INFO  com.sky.service.impl.EmployeeServiceImpl - Employee{id:1,username:admin,name:管理员,
password:e10adc3949ba59abbe56e057f20f883e,
phone:13812312312,
sex:1,
idNum:110101199001010047,
status:1}
2024-09-14 23:34:03.539 [http-nio-8080-exec-7] INFO  com.sky.controller.admin.EmployeeController - 员工登录：com.sky.dto.EmployeeLoginDTO@1306c139
2024-09-14 23:36:12.111 [http-nio-8080-exec-9] WARN  org.springframework.web.servlet.PageNotFound - No mapping for POST /admin/employee/status/
2024-09-14 23:37:09.783 [http-nio-8080-exec-10] WARN  o.s.w.s.m.support.DefaultHandlerExceptionResolver - Resolved [org.springframework.http.converter.HttpMessageNotReadableException: JSON parse error: Cannot deserialize value of type `java.lang.Integer` from Object value (token `JsonToken.START_OBJECT`); nested exception is com.fasterxml.jackson.databind.exc.MismatchedInputException: Cannot deserialize value of type `java.lang.Integer` from Object value (token `JsonToken.START_OBJECT`)<EOL> at [Source: (org.springframework.util.StreamUtils$NonClosingInputStream); line: 1, column: 1]]
2024-09-14 23:38:04.784 [http-nio-8080-exec-1] WARN  o.s.w.s.m.support.DefaultHandlerExceptionResolver - Resolved [org.springframework.http.converter.HttpMessageNotReadableException: JSON parse error: Cannot deserialize value of type `java.lang.Integer` from Object value (token `JsonToken.START_OBJECT`); nested exception is com.fasterxml.jackson.databind.exc.MismatchedInputException: Cannot deserialize value of type `java.lang.Integer` from Object value (token `JsonToken.START_OBJECT`)<EOL> at [Source: (org.springframework.util.StreamUtils$NonClosingInputStream); line: 1, column: 1]]
2024-09-14 23:38:29.809 [SpringApplicationShutdownHook] INFO  com.alibaba.druid.pool.DruidDataSource - {dataSource-1} closing ...
2024-09-14 23:38:29.811 [SpringApplicationShutdownHook] INFO  com.alibaba.druid.pool.DruidDataSource - {dataSource-1} closed
2024-09-14 23:38:33.980 [main] INFO  com.sky.SkyApplication - Starting SkyApplication using Java 17.0.11 on DESKTOP-7T4Q9F1 with PID 6404 (E:\Java\Project\sky-take-out\sky-server\target\classes started by Lenovo in E:\Java\Project\sky-take-out)
2024-09-14 23:38:33.984 [main] INFO  com.sky.SkyApplication - The following 1 profile is active: "dev"
2024-09-14 23:38:35.351 [main] INFO  org.apache.catalina.core.AprLifecycleListener - Loaded Apache Tomcat Native library [2.0.7] using APR version [1.7.4].
2024-09-14 23:38:35.352 [main] INFO  org.apache.catalina.core.AprLifecycleListener - APR capabilities: IPv6 [true], sendfile [true], accept filters [false], random [true], UDS [true].
2024-09-14 23:38:35.353 [main] INFO  org.apache.catalina.core.AprLifecycleListener - APR/OpenSSL configuration: useAprConnector [false], useOpenSSL [true]
2024-09-14 23:38:35.357 [main] INFO  org.apache.catalina.core.AprLifecycleListener - OpenSSL successfully initialized [OpenSSL 3.0.13 30 Jan 2024]
2024-09-14 23:38:35.365 [main] INFO  org.apache.coyote.http11.Http11NioProtocol - Initializing ProtocolHandler ["http-nio-8080"]
2024-09-14 23:38:35.366 [main] INFO  org.apache.catalina.core.StandardService - Starting service [Tomcat]
2024-09-14 23:38:35.366 [main] INFO  org.apache.catalina.core.StandardEngine - Starting Servlet engine: [Apache Tomcat/9.0.65]
2024-09-14 23:38:35.477 [main] INFO  o.a.c.core.ContainerBase.[Tomcat].[localhost].[/] - Initializing Spring embedded WebApplicationContext
2024-09-14 23:38:35.593 [main] INFO  c.a.d.s.b.a.DruidDataSourceAutoConfigure - Init DruidDataSource
2024-09-14 23:38:35.706 [main] INFO  com.alibaba.druid.pool.DruidDataSource - {dataSource-1} inited
2024-09-14 23:38:36.582 [main] INFO  org.apache.coyote.http11.Http11NioProtocol - Starting ProtocolHandler ["http-nio-8080"]
2024-09-14 23:38:36.773 [main] INFO  com.sky.SkyApplication - Started SkyApplication in 3.292 seconds (JVM running for 3.94)
2024-09-14 23:38:46.128 [http-nio-8080-exec-1] INFO  o.a.c.core.ContainerBase.[Tomcat].[localhost].[/] - Initializing Spring DispatcherServlet 'dispatcherServlet'
2024-09-14 23:38:46.286 [ForkJoinPool.commonPool-worker-1] ERROR com.sky.controller.admin.EmployeeController - 发生异常,具体信息:
java.lang.NullPointerException: Cannot invoke "java.lang.Integer.intValue()" because "id" is null
2024-09-14 23:39:14.992 [ForkJoinPool.commonPool-worker-1] ERROR com.sky.controller.admin.EmployeeController - 发生异常,具体信息:
java.lang.NullPointerException: Cannot invoke "java.lang.Integer.intValue()" because "id" is null
2024-09-14 23:44:22.727 [SpringApplicationShutdownHook] INFO  com.alibaba.druid.pool.DruidDataSource - {dataSource-1} closing ...
2024-09-14 23:44:22.732 [SpringApplicationShutdownHook] INFO  com.alibaba.druid.pool.DruidDataSource - {dataSource-1} closed
2024-09-14 23:44:27.932 [main] INFO  com.sky.SkyApplication - Starting SkyApplication using Java 17.0.11 on DESKTOP-7T4Q9F1 with PID 14896 (E:\Java\Project\sky-take-out\sky-server\target\classes started by Lenovo in E:\Java\Project\sky-take-out)
2024-09-14 23:44:27.934 [main] INFO  com.sky.SkyApplication - The following 1 profile is active: "dev"
2024-09-14 23:44:29.318 [main] INFO  org.apache.catalina.core.AprLifecycleListener - Loaded Apache Tomcat Native library [2.0.7] using APR version [1.7.4].
2024-09-14 23:44:29.318 [main] INFO  org.apache.catalina.core.AprLifecycleListener - APR capabilities: IPv6 [true], sendfile [true], accept filters [false], random [true], UDS [true].
2024-09-14 23:44:29.318 [main] INFO  org.apache.catalina.core.AprLifecycleListener - APR/OpenSSL configuration: useAprConnector [false], useOpenSSL [true]
2024-09-14 23:44:29.323 [main] INFO  org.apache.catalina.core.AprLifecycleListener - OpenSSL successfully initialized [OpenSSL 3.0.13 30 Jan 2024]
2024-09-14 23:44:29.333 [main] INFO  org.apache.coyote.http11.Http11NioProtocol - Initializing ProtocolHandler ["http-nio-8080"]
2024-09-14 23:44:29.334 [main] INFO  org.apache.catalina.core.StandardService - Starting service [Tomcat]
2024-09-14 23:44:29.334 [main] INFO  org.apache.catalina.core.StandardEngine - Starting Servlet engine: [Apache Tomcat/9.0.65]
2024-09-14 23:44:29.448 [main] INFO  o.a.c.core.ContainerBase.[Tomcat].[localhost].[/] - Initializing Spring embedded WebApplicationContext
2024-09-14 23:44:29.567 [main] INFO  c.a.d.s.b.a.DruidDataSourceAutoConfigure - Init DruidDataSource
2024-09-14 23:44:29.679 [main] INFO  com.alibaba.druid.pool.DruidDataSource - {dataSource-1} inited
2024-09-14 23:44:30.578 [main] INFO  org.apache.coyote.http11.Http11NioProtocol - Starting ProtocolHandler ["http-nio-8080"]
2024-09-14 23:44:30.775 [main] INFO  com.sky.SkyApplication - Started SkyApplication in 3.336 seconds (JVM running for 3.975)
2024-09-14 23:45:10.919 [http-nio-8080-exec-1] INFO  o.a.c.core.ContainerBase.[Tomcat].[localhost].[/] - Initializing Spring DispatcherServlet 'dispatcherServlet'
2024-09-14 23:45:34.590 [ForkJoinPool.commonPool-worker-1] DEBUG com.sky.mapper.EmployeeMapper.existsId - ==>  Preparing: select id from employee where id = ?
2024-09-14 23:45:34.609 [ForkJoinPool.commonPool-worker-1] DEBUG com.sky.mapper.EmployeeMapper.existsId - ==> Parameters: 1(Integer)
2024-09-14 23:45:34.631 [ForkJoinPool.commonPool-worker-1] DEBUG com.sky.mapper.EmployeeMapper.existsId - <==      Total: 1
2024-09-14 23:45:34.633 [ForkJoinPool.commonPool-worker-1] DEBUG com.sky.mapper.EmployeeMapper.changeStatus - ==>  Preparing: update employee set status = ? where id = ?
2024-09-14 23:45:34.633 [ForkJoinPool.commonPool-worker-1] DEBUG com.sky.mapper.EmployeeMapper.changeStatus - ==> Parameters: 1(Integer), 1(Integer)
2024-09-14 23:45:34.634 [ForkJoinPool.commonPool-worker-1] DEBUG com.sky.mapper.EmployeeMapper.changeStatus - <==    Updates: 1
2024-09-14 23:45:45.235 [ForkJoinPool.commonPool-worker-1] DEBUG com.sky.mapper.EmployeeMapper.existsId - ==>  Preparing: select id from employee where id = ?
2024-09-14 23:45:45.235 [ForkJoinPool.commonPool-worker-1] DEBUG com.sky.mapper.EmployeeMapper.existsId - ==> Parameters: 1(Integer)
2024-09-14 23:45:45.236 [ForkJoinPool.commonPool-worker-1] DEBUG com.sky.mapper.EmployeeMapper.existsId - <==      Total: 1
2024-09-14 23:45:45.236 [ForkJoinPool.commonPool-worker-1] DEBUG com.sky.mapper.EmployeeMapper.changeStatus - ==>  Preparing: update employee set status = ? where id = ?
2024-09-14 23:45:45.236 [ForkJoinPool.commonPool-worker-1] DEBUG com.sky.mapper.EmployeeMapper.changeStatus - ==> Parameters: 0(Integer), 1(Integer)
2024-09-14 23:45:45.237 [ForkJoinPool.commonPool-worker-1] DEBUG com.sky.mapper.EmployeeMapper.changeStatus - <==    Updates: 1
2024-09-14 23:45:51.896 [ForkJoinPool.commonPool-worker-1] DEBUG com.sky.mapper.EmployeeMapper.existsId - ==>  Preparing: select id from employee where id = ?
2024-09-14 23:45:51.896 [ForkJoinPool.commonPool-worker-1] DEBUG com.sky.mapper.EmployeeMapper.existsId - ==> Parameters: 2(Integer)
2024-09-14 23:45:51.897 [ForkJoinPool.commonPool-worker-1] DEBUG com.sky.mapper.EmployeeMapper.existsId - <==      Total: 0
2024-09-14 23:45:51.898 [ForkJoinPool.commonPool-worker-1] ERROR com.sky.controller.admin.EmployeeController - 发生异常,具体信息:
com.sky.exception.AccountNotFoundException: 账号不存在
2024-09-14 23:45:59.888 [http-nio-8080-exec-10] WARN  o.s.w.s.m.support.DefaultHandlerExceptionResolver - Resolved [org.springframework.web.method.annotation.MethodArgumentTypeMismatchException: Failed to convert value of type 'java.lang.String' to required type 'java.lang.Integer'; nested exception is java.lang.NumberFormatException: For input string: "*7"]
2024-09-15 00:05:31.440 [SpringApplicationShutdownHook] INFO  com.alibaba.druid.pool.DruidDataSource - {dataSource-1} closing ...
2024-09-15 00:05:31.445 [SpringApplicationShutdownHook] INFO  com.alibaba.druid.pool.DruidDataSource - {dataSource-1} closed
